#
# A fatal error has been detected by the Java Runtime Environment:
#
#  EXCEPTION_ACCESS_VIOLATION (0xc0000005) at pc=0x00007ff975b397e0, pid=14472, tid=9776
#
# JRE version: OpenJDK Runtime Environment (24.0.1+9) (build 24.0.1+9-30)
# Java VM: OpenJDK 64-Bit Server VM (24.0.1+9-30, mixed mode, sharing, tiered, compressed oops, compressed class ptrs, g1 gc, windows-amd64)
# Problematic frame:
# C  [ntdll.dll+0x697e0]
#
# No core dump will be written. Minidumps are not enabled by default on client versions of Windows
#
# If you would like to submit a bug report, please visit:
#   https://bugreport.java.com/bugreport/crash.jsp
#

---------------  S U M M A R Y ------------

Command Line: -javaagent:C:\Program Files\JetBrains\IntelliJ IDEA Community Edition 2025.1.3\lib\idea_rt.jar=61817 -Dfile.encoding=UTF-8 -Dsun.stdout.encoding=UTF-8 -Dsun.stderr.encoding=UTF-8 com.example.dweb_App.DwebAppApplication

Host: Intel(R) Core(TM) i5-8250U CPU @ 1.60GHz, 8 cores, 15G,  Windows 11 , 64 bit Build 22621 (10.0.22621.3958)
Time: Sun Aug 24 12:26:03 2025 Morocco Daylight Time elapsed time: 2587.277297 seconds (0d 0h 43m 7s)

---------------  T H R E A D  ---------------

Current thread (0x00000200e5772e30):  ConcurrentGCThread "G1 Refine#0" [id=9776, stack(0x000000c1fdf00000,0x000000c1fe000000) (1024K)]

Stack: [0x000000c1fdf00000,0x000000c1fe000000],  sp=0x000000c1fdfff780,  free space=1021k
Native frames: (J=compiled Java code, j=interpreted, Vv=VM code, C=native code)
C  [ntdll.dll+0x697e0]  (no source info available)
C  [ntdll.dll+0xadeda]  (no source info available)
C  [KERNELBASE.dll+0x6f529]  (no source info available)
V  [jvm.dll+0x72f812]  (no source info available)
V  [jvm.dll+0x6fc435]  (no source info available)
V  [jvm.dll+0x371f8d]  (no source info available)
V  [jvm.dll+0x371e1d]  (no source info available)
V  [jvm.dll+0x28f4de]  (no source info available)
V  [jvm.dll+0x87d76b]  (no source info available)
V  [jvm.dll+0x72ee55]  (no source info available)
C  [ucrtbase.dll+0x29333]  (no source info available)
C  [KERNEL32.DLL+0x1257d]  (no source info available)
C  [ntdll.dll+0x5af08]  (no source info available)


siginfo: EXCEPTION_ACCESS_VIOLATION (0xc0000005), reading address 0xffffffffffffffff


Registers:
RAX=0x00000200c841199d, RBX=0x0000000000000100, RCX=0x756f7900656d616e, RDX=0x00000200c841199d
RSP=0x000000c1fdfff780, RBP=0x000000c1fdfff800, RSI=0x0000000000000001, RDI=0x000000c1fdfff7d0
R8 =0x756f7900656d616e, R9 =0x00000200c8411990, R10=0x00000200e5777218, R11=0x00000200c8411990
R12=0x000000c1fdfff878, R13=0x0000000000000000, R14=0x00000200e5777218, R15=0x00000200e57731f0
RIP=0x00007ff975b397e0, EFLAGS=0x0000000000010202

XMM[0]=0x0000000000000000 0x0000000000000000
XMM[1]=0x0000000000000000 0x0000000000000000
XMM[2]=0x0000000000000000 0x0000000000000000
XMM[3]=0x0000000000000000 0x0000000000000000
XMM[4]=0x0000000000000000 0x0000000000000000
XMM[5]=0x0000000000000000 0x0000000000000000
XMM[6]=0x0000000000000000 0x0000000000000000
XMM[7]=0x0000000000000000 0x0000000000000000
XMM[8]=0x0000000000000000 0x0000000000000000
XMM[9]=0x0000000000000000 0x0000000000000000
XMM[10]=0x0000000000000000 0x0000000000000000
XMM[11]=0x0000000000000000 0x0000000000000000
XMM[12]=0x0000000000000000 0x0000000000000000
XMM[13]=0x0000000000000000 0x0000000000000000
XMM[14]=0x0000000000000000 0x0000000000000000
XMM[15]=0x0000000000000000 0x0000000000000000
  MXCSR=0x00001fa0


Register to memory mapping:

RAX=0x00000200c841199d points into unknown readable memory: 00 00 00
RBX=0x0000000000000100 is an unknown value
RCX=0x756f7900656d616e is an unknown value
RDX=0x00000200c841199d points into unknown readable memory: 00 00 00
RSP=0x000000c1fdfff780 points into unknown readable memory: 0x00000200e576e080 | 80 e0 76 e5 00 02 00 00
RBP=0x000000c1fdfff800 points into unknown readable memory: 0x0000000000000000 | 00 00 00 00 00 00 00 00
RSI=0x0000000000000001 is an unknown value
RDI=0x000000c1fdfff7d0 points into unknown readable memory: 0x0000000000000000 | 00 00 00 00 00 00 00 00
R8 =0x756f7900656d616e is an unknown value
R9 =0x00000200c8411990 points into unknown readable memory: 0x756f7900656d616e | 6e 61 6d 65 00 79 6f 75
R10=0x00000200e5777218 points into unknown readable memory: 0x00000200c841199d | 9d 19 41 c8 00 02 00 00
R11=0x00000200c8411990 points into unknown readable memory: 0x756f7900656d616e | 6e 61 6d 65 00 79 6f 75
R12=0x000000c1fdfff878 points into unknown readable memory: 0xfffffffffff50380 | 80 03 f5 ff ff ff ff ff
R13=0x0 is null
R14=0x00000200e5777218 points into unknown readable memory: 0x00000200c841199d | 9d 19 41 c8 00 02 00 00
R15=0x00000200e57731f0 points into unknown readable memory: 0xffffffffffffffff | ff ff ff ff ff ff ff ff

Top of Stack: (sp=0x000000c1fdfff780)
0x000000c1fdfff780:   00000200e576e080 00007ff91b9ce2c3   ..v.............
0x000000c1fdfff790:   0000000000000000 000000000000108d   ................
0x000000c1fdfff7a0:   0000000000000000 00007ff975b7deda   ...........u....
0x000000c1fdfff7b0:   0000000000000102 0000000000000102   ................
0x000000c1fdfff7c0:   0000000000000000 000000c1fdfff7d0   ................
0x000000c1fdfff7d0:   0000000000000000 000000c1fdfff7d0   ................
0x000000c1fdfff7e0:   0000000000000000 0000000000002630   ........0&......
0x000000c1fdfff7f0:   00000000fdfff8c0 0000000000000000   ................
0x000000c1fdfff800:   0000000000000000 00000200e5773258   ........X2w.....
0x000000c1fdfff810:   0000000000000000 00000200e57731e8   .........1w.....
0x000000c1fdfff820:   000000c1fdfff959 00007ff9734af529   Y.......).Js....
0x000000c1fdfff830:   00000200e5772e30 00000000fffffffd   0.w.............
0x000000c1fdfff840:   0000000000000048 0000000000000000   H...............
0x000000c1fdfff850:   00000000fffffffd 00007ff91bdaf812   ................
0x000000c1fdfff860:   0000000000000000 00007ff91b9f1520   ........ .......
0x000000c1fdfff870:   000000c1fdfff8a0 fffffffffff50380   ................
0x000000c1fdfff880:   00000200e5772e30 00007ff91bd7c435   0.w.....5.......
0x000000c1fdfff890:   00000200e5772e30 00007ff91b9f1f36   0.w.....6.......
0x000000c1fdfff8a0:   00000200e5772e30 00000200e5772e30   0.w.....0.w.....
0x000000c1fdfff8b0:   00000200e57731e8 00007ff91b9f1f8d   .1w.............
0x000000c1fdfff8c0:   00000200e5772e30 00000200e5772e30   0.w.....0.w.....
0x000000c1fdfff8d0:   0000000000000003 0000000000000000   ................
0x000000c1fdfff8e0:   00000200e5772e30 00007ff91b9f1e1d   0.w.............
0x000000c1fdfff8f0:   000000c1fdf00000 0000000000000000   ................
0x000000c1fdfff900:   000000c1fdf00000 00000200e5772e30   ........0.w.....
0x000000c1fdfff910:   0000000000000000 00007ff975b0afd1   ...........u....
0x000000c1fdfff920:   0000000000000000 0000000000000000   ................
0x000000c1fdfff930:   0000000000000000 0000000000000000   ................
0x000000c1fdfff940:   0000000000000000 0000000000000000   ................
0x000000c1fdfff950:   0000000000000000 0000000000000000   ................
0x000000c1fdfff960:   0000000000000000 0000000000000000   ................
0x000000c1fdfff970:   0000000000000000 0000000000000000   ................

Instructions: (pc=0x00007ff975b397e0)
  0x00007ff975b396e0:   54 00 00 00 e9 46 ff ff ff 48 8d 55 d0 49 8b cf
  0x00007ff975b396f0:   e8 87 00 00 00 84 c0 74 21 41 3b de 41 0f 45 dd
  0x00007ff975b39700:   eb aa e8 39 d5 fb ff e9 16 ff ff ff e8 ef d5 fb
  0x00007ff975b39710:   ff eb a5 f0 83 4d f4 04 eb 88 33 d2 48 8b cf e8
  0x00007ff975b39720:   8c a5 03 00 8b 45 f4 a8 04 0f 85 7a ff ff ff eb
  0x00007ff975b39730:   e9 cc cc cc cc cc cc cc 48 8b c2 4c 8b c9 48 83
  0x00007ff975b39740:   e2 f0 4c 8b c2 48 83 7a 08 00 75 11 49 8b c8 4d
  0x00007ff975b39750:   8b 00 49 89 48 10 49 83 78 08 00 74 ef 49 8b 48
  0x00007ff975b39760:   08 48 89 4a 08 f0 49 0f b1 11 48 8b d0 0f 85 f9
  0x00007ff975b39770:   47 04 00 c3 cc cc cc cc cc cc cc cc 48 89 5c 24
  0x00007ff975b39780:   08 48 89 74 24 10 57 48 83 ec 20 48 8b 01 48 8b
  0x00007ff975b39790:   fa 4c 8b d1 48 85 c0 0f 84 f6 00 00 00 44 8a c0
  0x00007ff975b397a0:   41 80 e0 07 41 80 f8 07 0f 84 e5 00 00 00 a8 08
  0x00007ff975b397b0:   0f 85 cb 00 00 00 48 8d 50 08 f0 49 0f b1 12 75
  0x00007ff975b397c0:   d3 be 01 00 00 00 48 8b ca 48 83 e1 f0 48 8b c2
  0x00007ff975b397d0:   4c 8b d9 44 8d 4e ff 41 8a d9 0f 84 c9 00 00 00
=>0x00007ff975b397e0:   4c 8b 01 48 3b cf 75 41 4d 85 c9 75 6f 49 8b d0
  0x00007ff975b397f0:   4d 85 c0 75 7e f0 49 0f b1 12 0f 85 97 00 00 00
  0x00007ff975b39800:   f0 0f ba 69 24 02 40 8a de 48 8b c2 4d 85 c0 0f
  0x00007ff975b39810:   85 85 00 00 00 40 8a c6 48 8b 5c 24 30 48 8b 74
  0x00007ff975b39820:   24 38 48 83 c4 20 5f c3 cc 4c 89 49 10 4c 8b c9
  0x00007ff975b39830:   49 8b c8 48 85 c9 75 a8 4d 85 db 74 04 4d 89 4b
  0x00007ff975b39840:   08 84 db 74 64 45 33 c0 49 8b ca e8 cc 01 00 00
  0x00007ff975b39850:   84 db 0f 84 28 47 04 00 8a c3 eb bc f0 0f ba 69
  0x00007ff975b39860:   24 02 4d 89 01 40 8a de 4d 85 c0 74 c3 4d 89 48
  0x00007ff975b39870:   10 eb bd 48 33 d0 83 e2 0f 49 33 d0 e9 74 ff ff
  0x00007ff975b39880:   ff 48 8b c8 48 83 c9 07 f0 49 0f b1 0a 0f 85 01
  0x00007ff975b39890:   ff ff ff 32 c0 eb 81 48 8b d0 48 8b c8 48 83 e1
  0x00007ff975b398a0:   f0 4c 8b d9 45 33 c9 eb 8a f0 83 4f 24 02 eb 95
  0x00007ff975b398b0:   cc cc cc cc cc cc cc cc 48 89 5c 24 10 48 89 74
  0x00007ff975b398c0:   24 18 57 48 83 ec 40 48 8d 71 48 48 8b f9 48 8b
  0x00007ff975b398d0:   ce e8 fa e3 fc ff f7 87 b4 01 00 00 fe 0f 00 00


Stack slot to memory mapping:

stack at sp + 0 slots: 0x00000200e576e080 points into unknown readable memory: 0x00000200c8b12190 | 90 21 b1 c8 00 02 00 00
stack at sp + 1 slots: 0x00007ff91b9ce2c3 jvm.dll
stack at sp + 2 slots: 0x0 is null
stack at sp + 3 slots: 0x000000000000108d is an unknown value
stack at sp + 4 slots: 0x0 is null
stack at sp + 5 slots: 0x00007ff975b7deda ntdll.dll
stack at sp + 6 slots: 0x0000000000000102 is an unknown value
stack at sp + 7 slots: 0x0000000000000102 is an unknown value


---------------  P R O C E S S  ---------------

Threads class SMR info:
_java_thread_list=0x00000200e9a167d0, length=30, elements={
0x00000200c1016540, 0x00000200c1017140, 0x00000200c101a280, 0x00000200c101d240,
0x00000200c101dd70, 0x00000200c101f170, 0x00000200c1025120, 0x00000200c10347f0,
0x00000200c11627a0, 0x00000200c1a5c400, 0x00000200c1a5cb40, 0x00000200e91c3aa0,
0x00000200e91bf180, 0x00000200e91c4940, 0x00000200e91c0770, 0x00000200e91c1610,
0x00000200e91c1d60, 0x00000200e91bdb90, 0x00000200e91c5090, 0x00000200e91be2e0,
0x00000200e91bea30, 0x00000200e91bf8d0, 0x00000200e91c0020, 0x00000200e91c0ec0,
0x00000200e9675f40, 0x00000200e9676690, 0x00000200e9677530, 0x00000200e9677c80,
0x00000200e96783d0, 0x00000200e8f0c6c0
}

Java Threads: ( => current thread )
  0x00000200c1016540 JavaThread "Reference Handler"          daemon [_thread_blocked, id=8908, stack(0x000000c1fe300000,0x000000c1fe400000) (1024K)]
  0x00000200c1017140 JavaThread "Finalizer"                  daemon [_thread_blocked, id=13652, stack(0x000000c1fe400000,0x000000c1fe500000) (1024K)]
  0x00000200c101a280 JavaThread "Signal Dispatcher"          daemon [_thread_blocked, id=3368, stack(0x000000c1fe500000,0x000000c1fe600000) (1024K)]
  0x00000200c101d240 JavaThread "Attach Listener"            daemon [_thread_blocked, id=3668, stack(0x000000c1fe600000,0x000000c1fe700000) (1024K)]
  0x00000200c101dd70 JavaThread "Service Thread"             daemon [_thread_blocked, id=1968, stack(0x000000c1fe700000,0x000000c1fe800000) (1024K)]
  0x00000200c101f170 JavaThread "Monitor Deflation Thread"   daemon [_thread_blocked, id=12476, stack(0x000000c1fe800000,0x000000c1fe900000) (1024K)]
  0x00000200c1025120 JavaThread "C2 CompilerThread0"         daemon [_thread_blocked, id=7948, stack(0x000000c1fe900000,0x000000c1fea00000) (1024K)]
  0x00000200c10347f0 JavaThread "C1 CompilerThread0"         daemon [_thread_blocked, id=7736, stack(0x000000c1fea00000,0x000000c1feb00000) (1024K)]
  0x00000200c11627a0 JavaThread "Common-Cleaner"             daemon [_thread_blocked, id=2316, stack(0x000000c1fec00000,0x000000c1fed00000) (1024K)]
  0x00000200c1a5c400 JavaThread "Monitor Ctrl-Break"         daemon [_thread_in_native, id=8216, stack(0x000000c1fed00000,0x000000c1fee00000) (1024K)]
  0x00000200c1a5cb40 JavaThread "Notification Thread"        daemon [_thread_blocked, id=10552, stack(0x000000c1fee00000,0x000000c1fef00000) (1024K)]
  0x00000200e91c3aa0 JavaThread "HikariPool-1:housekeeper"   daemon [_thread_blocked, id=14644, stack(0x000000c1ffa00000,0x000000c1ffb00000) (1024K)]
  0x00000200e91bf180 JavaThread "Catalina-utility-1"                [_thread_blocked, id=2460, stack(0x000000c1ffb00000,0x000000c1ffc00000) (1024K)]
  0x00000200e91c4940 JavaThread "Catalina-utility-2"                [_thread_blocked, id=1340, stack(0x000000c1ffc00000,0x000000c1ffd00000) (1024K)]
  0x00000200e91c0770 JavaThread "container-0"                       [_thread_blocked, id=13028, stack(0x000000c1ffd00000,0x000000c1ffe00000) (1024K)]
  0x00000200e91c1610 JavaThread "File Watcher"               daemon [_thread_blocked, id=4828, stack(0x000000c1ffe00000,0x000000c1fff00000) (1024K)]
  0x00000200e91c1d60 JavaThread "Live Reload Server"         daemon [_thread_in_native, id=11800, stack(0x000000c180000000,0x000000c180100000) (1024K)]
  0x00000200e91bdb90 JavaThread "http-nio-9090-exec-1"       daemon [_thread_blocked, id=5860, stack(0x000000c180100000,0x000000c180200000) (1024K)]
  0x00000200e91c5090 JavaThread "http-nio-9090-exec-2"       daemon [_thread_blocked, id=14744, stack(0x000000c180200000,0x000000c180300000) (1024K)]
  0x00000200e91be2e0 JavaThread "http-nio-9090-exec-3"       daemon [_thread_blocked, id=12528, stack(0x000000c180300000,0x000000c180400000) (1024K)]
  0x00000200e91bea30 JavaThread "http-nio-9090-exec-4"       daemon [_thread_blocked, id=1928, stack(0x000000c180400000,0x000000c180500000) (1024K)]
  0x00000200e91bf8d0 JavaThread "http-nio-9090-exec-5"       daemon [_thread_blocked, id=14428, stack(0x000000c180500000,0x000000c180600000) (1024K)]
  0x00000200e91c0020 JavaThread "http-nio-9090-exec-6"       daemon [_thread_blocked, id=4448, stack(0x000000c180600000,0x000000c180700000) (1024K)]
  0x00000200e91c0ec0 JavaThread "http-nio-9090-exec-7"       daemon [_thread_blocked, id=9140, stack(0x000000c180700000,0x000000c180800000) (1024K)]
  0x00000200e9675f40 JavaThread "http-nio-9090-exec-8"       daemon [_thread_blocked, id=3236, stack(0x000000c180800000,0x000000c180900000) (1024K)]
  0x00000200e9676690 JavaThread "http-nio-9090-exec-9"       daemon [_thread_blocked, id=12860, stack(0x000000c180900000,0x000000c180a00000) (1024K)]
  0x00000200e9677530 JavaThread "http-nio-9090-exec-10"      daemon [_thread_blocked, id=13404, stack(0x000000c180a00000,0x000000c180b00000) (1024K)]
  0x00000200e9677c80 JavaThread "http-nio-9090-Poller"       daemon [_thread_in_native, id=10744, stack(0x000000c180b00000,0x000000c180c00000) (1024K)]
  0x00000200e96783d0 JavaThread "http-nio-9090-Acceptor"     daemon [_thread_in_native, id=14016, stack(0x000000c180c00000,0x000000c180d00000) (1024K)]
  0x00000200e8f0c6c0 JavaThread "DestroyJavaVM"                     [_thread_blocked, id=2452, stack(0x000000c1fdb00000,0x000000c1fdc00000) (1024K)]
Total: 30

Other Threads:
  0x00000200c1004950 VMThread "VM Thread"                           [id=14352, stack(0x000000c1fe200000,0x000000c1fe300000) (1024K)]
  0x00000200e58b4cc0 WatcherThread "VM Periodic Task Thread"        [id=9108, stack(0x000000c1fe100000,0x000000c1fe200000) (1024K)]
  0x00000200c8b610e0 WorkerThread "GC Thread#0"                     [id=15340, stack(0x000000c1fdc00000,0x000000c1fdd00000) (1024K)]
  0x00000200e898e120 WorkerThread "GC Thread#1"                     [id=10652, stack(0x000000c1ff100000,0x000000c1ff200000) (1024K)]
  0x00000200e898e4d0 WorkerThread "GC Thread#2"                     [id=4312, stack(0x000000c1ff200000,0x000000c1ff300000) (1024K)]
  0x00000200e898e880 WorkerThread "GC Thread#3"                     [id=9528, stack(0x000000c1ff300000,0x000000c1ff400000) (1024K)]
  0x00000200e898ec30 WorkerThread "GC Thread#4"                     [id=7108, stack(0x000000c1ff400000,0x000000c1ff500000) (1024K)]
  0x00000200e898efe0 WorkerThread "GC Thread#5"                     [id=13340, stack(0x000000c1ff500000,0x000000c1ff600000) (1024K)]
  0x00000200e8dbaa40 WorkerThread "GC Thread#6"                     [id=12904, stack(0x000000c1ff600000,0x000000c1ff700000) (1024K)]
  0x00000200e8dbb1a0 WorkerThread "GC Thread#7"                     [id=6160, stack(0x000000c1ff800000,0x000000c1ff900000) (1024K)]
  0x00000200e5702010 ConcurrentGCThread "G1 Main Marker"            [id=3512, stack(0x000000c1fdd00000,0x000000c1fde00000) (1024K)]
  0x00000200e57038e0 WorkerThread "G1 Conc#0"                       [id=12576, stack(0x000000c1fde00000,0x000000c1fdf00000) (1024K)]
  0x00000200e8dbc410 WorkerThread "G1 Conc#1"                       [id=7616, stack(0x000000c1ff900000,0x000000c1ffa00000) (1024K)]
=>0x00000200e5772e30 ConcurrentGCThread "G1 Refine#0"               [id=9776, stack(0x000000c1fdf00000,0x000000c1fe000000) (1024K)]
  0x00000200e57739b0 ConcurrentGCThread "G1 Service"                [id=7944, stack(0x000000c1fe000000,0x000000c1fe100000) (1024K)]
Total: 15

Threads with active compile tasks:
Total: 0

VM state: not at safepoint (normal execution)

VM Mutex/Monitor currently owned by a thread: None

Heap address: 0x0000000705400000, size: 4012 MB, Compressed Oops mode: Zero based, Oop shift amount: 3

CDS archive(s) mapped at: [0x0000020080000000-0x0000020080d40000-0x0000020080d40000), size 13893632, SharedBaseAddress: 0x0000020080000000, ArchiveRelocationMode: 1.
Compressed class space mapped at: 0x0000020081000000-0x00000200c1000000, reserved size: 1073741824
UseCompressedClassPointers 1, UseCompactObjectHeaders 0
Narrow klass pointer bits 32, Max shift 3
Narrow klass base: 0x0000020080000000, Narrow klass shift: 0
Encoding Range: [0x0000020080000000 - 0x0000020180000000), (4294967296 bytes)
Klass Range:    [0x0000020080000000 - 0x00000200c1000000), (1090519040 bytes)
Klass ID Range:  [8 - 1090519033) (1090519025)

GC Precious Log:
 CardTable entry size: 512
 Card Set container configuration: InlinePtr #cards 4 size 8 Array Of Cards #cards 16 size 48 Howl #buckets 8 coarsen threshold 3686 Howl Bitmap #cards 512 size 80 coarsen threshold 460 Card regions per heap region 1 cards per card region 4096
 CPUs: 8 total, 8 available
 Memory: 16046M
 Large Page Support: Disabled
 NUMA Support: Disabled
 Compressed Oops: Enabled (Zero based)
 Heap Region Size: 2M
 Heap Min Capacity: 8M
 Heap Initial Capacity: 252M
 Heap Max Capacity: 4012M
 Pre-touch: Disabled
 Parallel Workers: 8
 Concurrent Workers: 2
 Concurrent Refinement Workers: 8
 Periodic GC: Disabled

Heap:
 garbage-first heap   total reserved 4108288K, committed 92160K, used 71961K [0x0000000705400000, 0x0000000800000000)
  region size 2048K, 20 young (40960K), 2 survivors (4096K)
 Metaspace       used 82559K, committed 83264K, reserved 1179648K
  class space    used 8911K, committed 9216K, reserved 1048576K

Heap Regions: E=young(eden), S=young(survivor), O=old, HS=humongous(starts), HC=humongous(continues), CS=collection set, F=free, TAMS=top-at-mark-start, PB=parsable bottom
|   0|0x0000000705400000, 0x0000000705600000, 0x0000000705600000|100%| O|  |TAMS 0x0000000705400000| PB 0x0000000705400000| Untracked |  0
|   1|0x0000000705600000, 0x0000000705800000, 0x0000000705800000|100%| O|  |TAMS 0x0000000705600000| PB 0x0000000705600000| Untracked |  0
|   2|0x0000000705800000, 0x0000000705a00000, 0x0000000705a00000|100%| O|  |TAMS 0x0000000705800000| PB 0x0000000705800000| Untracked |  0
|   3|0x0000000705a00000, 0x0000000705c00000, 0x0000000705c00000|100%| O|  |TAMS 0x0000000705a00000| PB 0x0000000705a00000| Untracked |  0
|   4|0x0000000705c00000, 0x0000000705e00000, 0x0000000705e00000|100%| O|  |TAMS 0x0000000705c00000| PB 0x0000000705c00000| Untracked |  0
|   5|0x0000000705e00000, 0x0000000705e00000, 0x0000000706000000|  0%| F|  |TAMS 0x0000000705e00000| PB 0x0000000705e00000| Untracked |  0
|   6|0x0000000706000000, 0x0000000706200000, 0x0000000706200000|100%| O|  |TAMS 0x0000000706000000| PB 0x0000000706000000| Untracked |  0
|   7|0x0000000706200000, 0x0000000706400000, 0x0000000706400000|100%| O|  |TAMS 0x0000000706200000| PB 0x0000000706200000| Untracked |  0
|   8|0x0000000706400000, 0x0000000706600000, 0x0000000706600000|100%| O|  |TAMS 0x0000000706400000| PB 0x0000000706400000| Untracked |  0
|   9|0x0000000706600000, 0x0000000706800000, 0x0000000706800000|100%| O|  |TAMS 0x0000000706600000| PB 0x0000000706600000| Untracked |  0
|  10|0x0000000706800000, 0x0000000706a00000, 0x0000000706a00000|100%| O|  |TAMS 0x0000000706800000| PB 0x0000000706800000| Untracked |  0
|  11|0x0000000706a00000, 0x0000000706c00000, 0x0000000706c00000|100%| O|  |TAMS 0x0000000706a00000| PB 0x0000000706a00000| Untracked |  0
|  12|0x0000000706c00000, 0x0000000706e00000, 0x0000000706e00000|100%| O|  |TAMS 0x0000000706c00000| PB 0x0000000706c00000| Untracked |  0
|  13|0x0000000706e00000, 0x0000000706ed8d80, 0x0000000707000000| 42%| O|  |TAMS 0x0000000706e00000| PB 0x0000000706e00000| Untracked |  0
|  14|0x0000000707000000, 0x0000000707000000, 0x0000000707200000|  0%| F|  |TAMS 0x0000000707000000| PB 0x0000000707000000| Untracked |  0
|  15|0x0000000707200000, 0x0000000707400000, 0x0000000707400000|100%| O|  |TAMS 0x0000000707200000| PB 0x0000000707200000| Untracked |  0
|  16|0x0000000707400000, 0x0000000707600000, 0x0000000707600000|100%| O|Cm|TAMS 0x0000000707400000| PB 0x0000000707400000| Complete |  0
|  17|0x0000000707600000, 0x000000070776d830, 0x0000000707800000| 71%| S|CS|TAMS 0x0000000707600000| PB 0x0000000707600000| Complete |  0
|  18|0x0000000707800000, 0x0000000707a00000, 0x0000000707a00000|100%| S|CS|TAMS 0x0000000707800000| PB 0x0000000707800000| Complete |  0
|  19|0x0000000707a00000, 0x0000000707a00000, 0x0000000707c00000|  0%| F|  |TAMS 0x0000000707a00000| PB 0x0000000707a00000| Untracked |  0
|  20|0x0000000707c00000, 0x0000000707c00000, 0x0000000707e00000|  0%| F|  |TAMS 0x0000000707c00000| PB 0x0000000707c00000| Untracked |  0
|  21|0x0000000707e00000, 0x0000000707e00000, 0x0000000708000000|  0%| F|  |TAMS 0x0000000707e00000| PB 0x0000000707e00000| Untracked |  0
|  22|0x0000000708000000, 0x0000000708000000, 0x0000000708200000|  0%| F|  |TAMS 0x0000000708000000| PB 0x0000000708000000| Untracked |  0
|  23|0x0000000708200000, 0x0000000708200000, 0x0000000708400000|  0%| F|  |TAMS 0x0000000708200000| PB 0x0000000708200000| Untracked |  0
|  24|0x0000000708400000, 0x0000000708600000, 0x0000000708600000|100%| E|  |TAMS 0x0000000708400000| PB 0x0000000708400000| Complete |  0
|  25|0x0000000708600000, 0x0000000708800000, 0x0000000708800000|100%| E|CS|TAMS 0x0000000708600000| PB 0x0000000708600000| Complete |  0
|  26|0x0000000708800000, 0x0000000708a00000, 0x0000000708a00000|100%| E|CS|TAMS 0x0000000708800000| PB 0x0000000708800000| Complete |  0
|  27|0x0000000708a00000, 0x0000000708c00000, 0x0000000708c00000|100%| E|CS|TAMS 0x0000000708a00000| PB 0x0000000708a00000| Complete |  0
|  28|0x0000000708c00000, 0x0000000708e00000, 0x0000000708e00000|100%| E|CS|TAMS 0x0000000708c00000| PB 0x0000000708c00000| Complete |  0
|  29|0x0000000708e00000, 0x0000000709000000, 0x0000000709000000|100%| E|CS|TAMS 0x0000000708e00000| PB 0x0000000708e00000| Complete |  0
|  30|0x0000000709000000, 0x0000000709200000, 0x0000000709200000|100%| E|CS|TAMS 0x0000000709000000| PB 0x0000000709000000| Complete |  0
|  31|0x0000000709200000, 0x0000000709400000, 0x0000000709400000|100%| E|CS|TAMS 0x0000000709200000| PB 0x0000000709200000| Complete |  0
|  32|0x0000000709400000, 0x0000000709600000, 0x0000000709600000|100%| E|CS|TAMS 0x0000000709400000| PB 0x0000000709400000| Complete |  0
|  88|0x0000000710400000, 0x0000000710600000, 0x0000000710600000|100%| E|CS|TAMS 0x0000000710400000| PB 0x0000000710400000| Complete |  0
|  89|0x0000000710600000, 0x0000000710800000, 0x0000000710800000|100%| E|CS|TAMS 0x0000000710600000| PB 0x0000000710600000| Complete |  0
|  90|0x0000000710800000, 0x0000000710a00000, 0x0000000710a00000|100%| E|CS|TAMS 0x0000000710800000| PB 0x0000000710800000| Complete |  0
|  91|0x0000000710a00000, 0x0000000710c00000, 0x0000000710c00000|100%| E|CS|TAMS 0x0000000710a00000| PB 0x0000000710a00000| Complete |  0
|  92|0x0000000710c00000, 0x0000000710e00000, 0x0000000710e00000|100%| E|CS|TAMS 0x0000000710c00000| PB 0x0000000710c00000| Complete |  0
|  93|0x0000000710e00000, 0x0000000711000000, 0x0000000711000000|100%| E|CS|TAMS 0x0000000710e00000| PB 0x0000000710e00000| Complete |  0
|  94|0x0000000711000000, 0x0000000711200000, 0x0000000711200000|100%| E|  |TAMS 0x0000000711000000| PB 0x0000000711000000| Complete |  0
| 125|0x0000000714e00000, 0x0000000715000000, 0x0000000715000000|100%| E|CS|TAMS 0x0000000714e00000| PB 0x0000000714e00000| Complete |  0
|2002|0x00000007ff800000, 0x00000007ffa00000, 0x00000007ffa00000|100%| O|  |TAMS 0x00000007ff800000| PB 0x00000007ff800000| Untracked |  0
|2003|0x00000007ffa00000, 0x00000007ffc00000, 0x00000007ffc00000|100%| O|  |TAMS 0x00000007ffa00000| PB 0x00000007ffa00000| Untracked |  0
|2004|0x00000007ffc00000, 0x00000007ffe00000, 0x00000007ffe00000|100%| O|  |TAMS 0x00000007ffc00000| PB 0x00000007ffc00000| Untracked |  0
|2005|0x00000007ffe00000, 0x0000000800000000, 0x0000000800000000|100%| E|CS|TAMS 0x00000007ffe00000| PB 0x00000007ffe00000| Complete |  0

Card table byte_map: [0x00000200e0fa0000,0x00000200e1780000] _byte_map_base: 0x00000200dd776000

Marking Bits: (CMBitMap*) 0x00000200c8b617f0
 Bits: [0x00000200e1780000, 0x00000200e5630000)

Polling page: 0x00000200c82b0000

Metaspace:

Usage:
  Non-class:     71.92 MB used.
      Class:      8.70 MB used.
       Both:     80.62 MB used.

Virtual space:
  Non-class space:      128.00 MB reserved,      72.31 MB ( 56%) committed,  2 nodes.
      Class space:        1.00 GB reserved,       9.00 MB ( <1%) committed,  1 nodes.
             Both:        1.12 GB reserved,      81.31 MB (  7%) committed. 

Chunk freelists:
   Non-Class:  7.33 MB
       Class:  6.97 MB
        Both:  14.30 MB

MaxMetaspaceSize: unlimited
CompressedClassSpaceSize: 1.00 GB
Initial GC threshold: 21.00 MB
Current GC threshold: 126.88 MB
CDS: on
 - commit_granule_bytes: 65536.
 - commit_granule_words: 8192.
 - virtual_space_node_default_size: 8388608.
 - enlarge_chunks_in_place: 1.
UseCompressedClassPointers 1, UseCompactObjectHeaders 0
Narrow klass pointer bits 32, Max shift 3
Narrow klass base: 0x0000020080000000, Narrow klass shift: 0
Encoding Range: [0x0000020080000000 - 0x0000020180000000), (4294967296 bytes)
Klass Range:    [0x0000020080000000 - 0x00000200c1000000), (1090519040 bytes)
Klass ID Range:  [8 - 1090519033) (1090519025)


Internal statistics:

num_allocs_failed_limit: 12.
num_arena_births: 886.
num_arena_deaths: 0.
num_vsnodes_births: 3.
num_vsnodes_deaths: 0.
num_space_committed: 1301.
num_space_uncommitted: 0.
num_chunks_returned_to_freelist: 12.
num_chunks_taken_from_freelist: 3892.
num_chunk_merges: 9.
num_chunk_splits: 2830.
num_chunks_enlarged: 2280.
num_inconsistent_stats: 0.

CodeHeap 'non-profiled nmethods': size=120064Kb used=4007Kb max_used=4047Kb free=116056Kb
 bounds [0x00000200d8e40000, 0x00000200d9240000, 0x00000200e0380000]
CodeHeap 'profiled nmethods': size=120000Kb used=12945Kb max_used=13169Kb free=107055Kb
 bounds [0x00000200d1380000, 0x00000200d2070000, 0x00000200d88b0000]
CodeHeap 'non-nmethods': size=5696Kb used=1626Kb max_used=1698Kb free=4069Kb
 bounds [0x00000200d88b0000, 0x00000200d8b20000, 0x00000200d8e40000]
CodeCache: size=245760Kb, used=18578Kb, max_used=18914Kb, free=227180Kb
 total_blobs=8597, nmethods=7809, adapters=692, full_count=0
Compilation: enabled, stopped_count=0, restarted_count=0

Compilation events (20 events):
Event: 2566.048 Thread 0x00000200c10347f0 nmethod 10206 0x00000200d90fdd08 code [0x00000200d90fde00, 0x00000200d90fdec8]
Event: 2566.048 Thread 0x00000200c10347f0 10207       3       org.h2.table.TableFilter::startQuery (41 bytes)
Event: 2566.049 Thread 0x00000200c10347f0 nmethod 10207 0x00000200d1c55d08 code [0x00000200d1c55e40, 0x00000200d1c560e0]
Event: 2566.049 Thread 0x00000200c10347f0 10208       3       org.h2.table.TableFilter::lock (26 bytes)
Event: 2566.050 Thread 0x00000200c10347f0 nmethod 10208 0x00000200d1e33808 code [0x00000200d1e33960, 0x00000200d1e33d70]
Event: 2566.062 Thread 0x00000200c1025120 nmethod 10182 0x00000200d90fc808 code [0x00000200d90fca80, 0x00000200d90fdc18]
Event: 2566.062 Thread 0x00000200c1025120 10184       4       ch.qos.logback.classic.Logger::callAppenders (47 bytes)
Event: 2566.064 Thread 0x00000200c1025120 nmethod 10184 0x00000200d90fc508 code [0x00000200d90fc620, 0x00000200d90fc750]
Event: 2566.064 Thread 0x00000200c1025120 10205       4       org.hibernate.engine.jdbc.internal.BasicFormatterImpl$FormatProcess::isWhitespace (7 bytes)
Event: 2566.066 Thread 0x00000200c1025120 nmethod 10205 0x00000200d90fc188 code [0x00000200d90fc280, 0x00000200d90fc470]
Event: 2575.275 Thread 0x00000200c10347f0 10209       3       org.apache.catalina.core.StandardServer$$Lambda/0x0000020081750000::run (8 bytes)
Event: 2575.275 Thread 0x00000200c10347f0 nmethod 10209 0x00000200d1e33408 code [0x00000200d1e33540, 0x00000200d1e33788]
Event: 2575.275 Thread 0x00000200c10347f0 10210       3       org.apache.catalina.core.StandardServer::lambda$startPeriodicLifecycleEvent$0 (9 bytes)
Event: 2575.276 Thread 0x00000200c10347f0 nmethod 10210 0x00000200d1e33088 code [0x00000200d1e331a0, 0x00000200d1e33378]
Event: 2575.561 Thread 0x00000200c10347f0 10211       3       org.apache.catalina.core.ContainerBase$ContainerBackgroundProcessor::run (9 bytes)
Event: 2575.561 Thread 0x00000200c10347f0 nmethod 10211 0x00000200d1dc6588 code [0x00000200d1dc66a0, 0x00000200d1dc67f8]
Event: 2575.561 Thread 0x00000200c10347f0 10212  s!   3       org.apache.catalina.core.StandardContext::backgroundProcess (203 bytes)
Event: 2575.566 Thread 0x00000200c10347f0 nmethod 10212 0x00000200d1b10688 code [0x00000200d1b10a00, 0x00000200d1b12998]
Event: 2575.567 Thread 0x00000200c10347f0 10213   !   3       org.apache.catalina.loader.WebappLoader::backgroundProcess (68 bytes)
Event: 2575.568 Thread 0x00000200c10347f0 nmethod 10213 0x00000200d1b0fa88 code [0x00000200d1b0fc20, 0x00000200d1b10560]

GC Heap History (20 events):
Event: 12.328 GC heap before
{Heap before GC invocations=8 (full 0):
 garbage-first heap   total reserved 4108288K, committed 92160K, used 68756K [0x0000000705400000, 0x0000000800000000)
  region size 2048K, 24 young (49152K), 3 survivors (6144K)
 Metaspace       used 57551K, committed 58048K, reserved 1114112K
  class space    used 5917K, committed 6144K, reserved 1048576K
}
Event: 12.342 GC heap after
{Heap after GC invocations=9 (full 0):
 garbage-first heap   total reserved 4108288K, committed 92160K, used 30160K [0x0000000705400000, 0x0000000800000000)
  region size 2048K, 3 young (6144K), 3 survivors (6144K)
 Metaspace       used 57551K, committed 58048K, reserved 1114112K
  class space    used 5917K, committed 6144K, reserved 1048576K
}
Event: 12.924 GC heap before
{Heap before GC invocations=9 (full 0):
 garbage-first heap   total reserved 4108288K, committed 92160K, used 38352K [0x0000000705400000, 0x0000000800000000)
  region size 2048K, 8 young (16384K), 3 survivors (6144K)
 Metaspace       used 60511K, committed 61056K, reserved 1114112K
  class space    used 6264K, committed 6528K, reserved 1048576K
}
Event: 12.934 GC heap after
{Heap after GC invocations=10 (full 0):
 garbage-first heap   total reserved 4108288K, committed 92160K, used 30739K [0x0000000705400000, 0x0000000800000000)
  region size 2048K, 2 young (4096K), 2 survivors (4096K)
 Metaspace       used 60511K, committed 61056K, reserved 1114112K
  class space    used 6264K, committed 6528K, reserved 1048576K
}
Event: 15.095 GC heap before
{Heap before GC invocations=11 (full 0):
 garbage-first heap   total reserved 4108288K, committed 92160K, used 75795K [0x0000000705400000, 0x0000000800000000)
  region size 2048K, 24 young (49152K), 2 survivors (4096K)
 Metaspace       used 68075K, committed 68672K, reserved 1114112K
  class space    used 7177K, committed 7424K, reserved 1048576K
}
Event: 15.105 GC heap after
{Heap after GC invocations=12 (full 0):
 garbage-first heap   total reserved 4108288K, committed 92160K, used 32872K [0x0000000705400000, 0x0000000800000000)
  region size 2048K, 3 young (6144K), 3 survivors (6144K)
 Metaspace       used 68075K, committed 68672K, reserved 1114112K
  class space    used 7177K, committed 7424K, reserved 1048576K
}
Event: 17.407 GC heap before
{Heap before GC invocations=12 (full 0):
 garbage-first heap   total reserved 4108288K, committed 92160K, used 77928K [0x0000000705400000, 0x0000000800000000)
  region size 2048K, 25 young (51200K), 3 survivors (6144K)
 Metaspace       used 72924K, committed 73600K, reserved 1179648K
  class space    used 7773K, committed 8064K, reserved 1048576K
}
Event: 17.425 GC heap after
{Heap after GC invocations=13 (full 0):
 garbage-first heap   total reserved 4108288K, committed 92160K, used 36388K [0x0000000705400000, 0x0000000800000000)
  region size 2048K, 4 young (8192K), 4 survivors (8192K)
 Metaspace       used 72924K, committed 73600K, reserved 1179648K
  class space    used 7773K, committed 8064K, reserved 1048576K
}
Event: 178.673 GC heap before
{Heap before GC invocations=13 (full 0):
 garbage-first heap   total reserved 4108288K, committed 92160K, used 75300K [0x0000000705400000, 0x0000000800000000)
  region size 2048K, 23 young (47104K), 4 survivors (8192K)
 Metaspace       used 77190K, committed 77824K, reserved 1179648K
  class space    used 8322K, committed 8576K, reserved 1048576K
}
Event: 178.687 GC heap after
{Heap after GC invocations=14 (full 0):
 garbage-first heap   total reserved 4108288K, committed 92160K, used 38142K [0x0000000705400000, 0x0000000800000000)
  region size 2048K, 1 young (2048K), 1 survivors (2048K)
 Metaspace       used 77190K, committed 77824K, reserved 1179648K
  class space    used 8322K, committed 8576K, reserved 1048576K
}
Event: 666.211 GC heap before
{Heap before GC invocations=14 (full 0):
 garbage-first heap   total reserved 4108288K, committed 92160K, used 81150K [0x0000000705400000, 0x0000000800000000)
  region size 2048K, 22 young (45056K), 1 survivors (2048K)
 Metaspace       used 77294K, committed 77952K, reserved 1179648K
  class space    used 8322K, committed 8576K, reserved 1048576K
}
Event: 666.215 GC heap after
{Heap after GC invocations=15 (full 0):
 garbage-first heap   total reserved 4108288K, committed 92160K, used 38004K [0x0000000705400000, 0x0000000800000000)
  region size 2048K, 1 young (2048K), 1 survivors (2048K)
 Metaspace       used 77294K, committed 77952K, reserved 1179648K
  class space    used 8322K, committed 8576K, reserved 1048576K
}
Event: 1185.689 GC heap before
{Heap before GC invocations=16 (full 0):
 garbage-first heap   total reserved 4108288K, committed 92160K, used 83060K [0x0000000705400000, 0x0000000800000000)
  region size 2048K, 23 young (47104K), 1 survivors (2048K)
 Metaspace       used 77294K, committed 77952K, reserved 1179648K
  class space    used 8322K, committed 8576K, reserved 1048576K
}
Event: 1185.694 GC heap after
{Heap after GC invocations=17 (full 0):
 garbage-first heap   total reserved 4108288K, committed 92160K, used 38036K [0x0000000705400000, 0x0000000800000000)
  region size 2048K, 1 young (2048K), 1 survivors (2048K)
 Metaspace       used 77294K, committed 77952K, reserved 1179648K
  class space    used 8322K, committed 8576K, reserved 1048576K
}
Event: 1678.351 GC heap before
{Heap before GC invocations=17 (full 0):
 garbage-first heap   total reserved 4108288K, committed 92160K, used 83092K [0x0000000705400000, 0x0000000800000000)
  region size 2048K, 23 young (47104K), 1 survivors (2048K)
 Metaspace       used 77326K, committed 77952K, reserved 1179648K
  class space    used 8322K, committed 8576K, reserved 1048576K
}
Event: 1678.362 GC heap after
{Heap after GC invocations=18 (full 0):
 garbage-first heap   total reserved 4108288K, committed 92160K, used 37791K [0x0000000705400000, 0x0000000800000000)
  region size 2048K, 2 young (4096K), 2 survivors (4096K)
 Metaspace       used 77326K, committed 77952K, reserved 1179648K
  class space    used 8322K, committed 8576K, reserved 1048576K
}
Event: 2147.624 GC heap before
{Heap before GC invocations=18 (full 0):
 garbage-first heap   total reserved 4108288K, committed 92160K, used 78751K [0x0000000705400000, 0x0000000800000000)
  region size 2048K, 22 young (45056K), 2 survivors (4096K)
 Metaspace       used 77327K, committed 77952K, reserved 1179648K
  class space    used 8322K, committed 8576K, reserved 1048576K
}
Event: 2147.635 GC heap after
{Heap after GC invocations=19 (full 0):
 garbage-first heap   total reserved 4108288K, committed 92160K, used 37685K [0x0000000705400000, 0x0000000800000000)
  region size 2048K, 1 young (2048K), 1 survivors (2048K)
 Metaspace       used 77327K, committed 77952K, reserved 1179648K
  class space    used 8322K, committed 8576K, reserved 1048576K
}
Event: 2377.486 GC heap before
{Heap before GC invocations=20 (full 0):
 garbage-first heap   total reserved 4108288K, committed 92160K, used 80693K [0x0000000705400000, 0x0000000800000000)
  region size 2048K, 23 young (47104K), 1 survivors (2048K)
 Metaspace       used 81851K, committed 82624K, reserved 1179648K
  class space    used 8876K, committed 9216K, reserved 1048576K
}
Event: 2377.496 GC heap after
{Heap after GC invocations=21 (full 0):
 garbage-first heap   total reserved 4108288K, committed 92160K, used 39193K [0x0000000705400000, 0x0000000800000000)
  region size 2048K, 2 young (4096K), 2 survivors (4096K)
 Metaspace       used 81851K, committed 82624K, reserved 1179648K
  class space    used 8876K, committed 9216K, reserved 1048576K
}

Dll operation events (13 events):
Event: 0.032 Loaded shared library C:\Users\L E N O V O\.jdks\openjdk-24.0.1\bin\java.dll
Event: 0.071 Loaded shared library C:\Users\L E N O V O\.jdks\openjdk-24.0.1\bin\jsvml.dll
Event: 0.311 Loaded shared library C:\Users\L E N O V O\.jdks\openjdk-24.0.1\bin\zip.dll
Event: 0.320 Loaded shared library C:\Users\L E N O V O\.jdks\openjdk-24.0.1\bin\instrument.dll
Event: 0.328 Loaded shared library C:\Users\L E N O V O\.jdks\openjdk-24.0.1\bin\net.dll
Event: 0.331 Loaded shared library C:\Users\L E N O V O\.jdks\openjdk-24.0.1\bin\nio.dll
Event: 0.335 Loaded shared library C:\Users\L E N O V O\.jdks\openjdk-24.0.1\bin\zip.dll
Event: 0.572 Loaded shared library C:\Users\L E N O V O\.jdks\openjdk-24.0.1\bin\extnet.dll
Event: 0.641 Loaded shared library C:\Users\L E N O V O\.jdks\openjdk-24.0.1\bin\jimage.dll
Event: 1.039 Loaded shared library C:\Users\L E N O V O\.jdks\openjdk-24.0.1\bin\management.dll
Event: 1.041 Loaded shared library C:\Users\L E N O V O\.jdks\openjdk-24.0.1\bin\management_ext.dll
Event: 3.000 Loaded shared library C:\Users\L E N O V O\.jdks\openjdk-24.0.1\bin\sunmscapi.dll
Event: 6.866 Loaded shared library C:\Users\L E N O V O\.jdks\openjdk-24.0.1\bin\verify.dll

Deoptimization events (20 events):
Event: 2377.856 Thread 0x00000200e91bf8d0 DEOPT PACKING pc=0x00000200d147b99d sp=0x000000c1805faa70
Event: 2377.856 Thread 0x00000200e91bf8d0 DEOPT UNPACKING pc=0x00000200d8905722 sp=0x000000c1805f9f60 mode 0
Event: 2377.857 Thread 0x00000200e91bf8d0 DEOPT PACKING pc=0x00000200d147b99d sp=0x000000c1805faa70
Event: 2377.857 Thread 0x00000200e91bf8d0 DEOPT UNPACKING pc=0x00000200d8905722 sp=0x000000c1805f9f60 mode 0
Event: 2380.127 Thread 0x00000200e91c0020 Uncommon trap: trap_request=0xffffffbe fr.pc=0x00000200d902b584 relative=0x00000000000008e4
Event: 2380.127 Thread 0x00000200e91c0020 Uncommon trap: reason=profile_predicate action=maybe_recompile pc=0x00000200d902b584 method=java.util.Properties.load0(Ljava/util/Properties$LineReader;)V @ 14 c2
Event: 2380.127 Thread 0x00000200e91c0020 DEOPT PACKING pc=0x00000200d902b584 sp=0x000000c1806fa730
Event: 2380.127 Thread 0x00000200e91c0020 DEOPT UNPACKING pc=0x00000200d89c5882 sp=0x000000c1806fa6e0 mode 2
Event: 2380.281 Thread 0x00000200e9676690 Uncommon trap: trap_request=0xffffff4d fr.pc=0x00000200d8e5a158 relative=0x0000000000000518
Event: 2380.281 Thread 0x00000200e9676690 Uncommon trap: reason=unstable_if action=reinterpret pc=0x00000200d8e5a158 method=sun.nio.cs.UTF_8$Decoder.decodeArrayLoop(Ljava/nio/ByteBuffer;Ljava/nio/CharBuffer;)Ljava/nio/charset/CoderResult; @ 107 c2
Event: 2380.281 Thread 0x00000200e9676690 DEOPT PACKING pc=0x00000200d8e5a158 sp=0x000000c1809fa360
Event: 2380.281 Thread 0x00000200e9676690 DEOPT UNPACKING pc=0x00000200d89c5882 sp=0x000000c1809fa298 mode 2
Event: 2380.282 Thread 0x00000200e9676690 Uncommon trap: trap_request=0xffffff4d fr.pc=0x00000200d90af07c relative=0x000000000000021c
Event: 2380.282 Thread 0x00000200e9676690 Uncommon trap: reason=unstable_if action=reinterpret pc=0x00000200d90af07c method=java.nio.charset.CoderResult.isOverflow()Z @ 5 c2
Event: 2380.282 Thread 0x00000200e9676690 DEOPT PACKING pc=0x00000200d90af07c sp=0x000000c1809fa3c0
Event: 2380.282 Thread 0x00000200e9676690 DEOPT UNPACKING pc=0x00000200d89c5882 sp=0x000000c1809fa2f0 mode 2
Event: 2380.416 Thread 0x00000200e91c0ec0 Uncommon trap: trap_request=0xffffff4d fr.pc=0x00000200d90309cc relative=0x000000000000092c
Event: 2380.416 Thread 0x00000200e91c0ec0 Uncommon trap: reason=unstable_if action=reinterpret pc=0x00000200d90309cc method=java.util.WeakHashMap.remove(Ljava/lang/Object;)Ljava/lang/Object; @ 92 c2
Event: 2380.417 Thread 0x00000200e91c0ec0 DEOPT PACKING pc=0x00000200d90309cc sp=0x000000c1807fab10
Event: 2380.417 Thread 0x00000200e91c0ec0 DEOPT UNPACKING pc=0x00000200d89c5882 sp=0x000000c1807faad0 mode 2

Classes loaded (20 events):
Event: 2377.529 Loading class sun/util/resources/LocaleData$SupplementaryStrategy
Event: 2377.530 Loading class sun/util/resources/LocaleData$SupplementaryStrategy done
Event: 2377.530 Loading class sun/text/resources/JavaTimeSupplementary
Event: 2377.531 Loading class sun/text/resources/JavaTimeSupplementary done
Event: 2377.531 Loading class sun/util/resources/ParallelListResourceBundle$KeySet
Event: 2377.531 Loading class sun/util/resources/ParallelListResourceBundle$KeySet done
Event: 2377.533 Loading class sun/util/locale/provider/CalendarDataUtility$CalendarFieldValueNameGetter
Event: 2377.533 Loading class sun/util/locale/provider/CalendarDataUtility$CalendarFieldValueNameGetter done
Event: 2380.133 Loading class sun/nio/fs/WindowsChannelFactory$2
Event: 2380.133 Loading class sun/nio/fs/WindowsChannelFactory$2 done
Event: 2380.135 Loading class sun/nio/ch/ChannelOutputStream
Event: 2380.135 Loading class sun/nio/ch/ChannelOutputStream done
Event: 2380.136 Loading class sun/nio/cs/ISO_8859_1$Encoder
Event: 2380.136 Loading class sun/nio/cs/ISO_8859_1$Encoder done
Event: 2380.358 Loading class java/net/URLEncoder
Event: 2380.359 Loading class java/net/URLEncoder done
Event: 2380.359 Loading class jdk/internal/util/ImmutableBitSetPredicate
Event: 2380.360 Loading class jdk/internal/util/ImmutableBitSetPredicate done
Event: 2380.360 Loading class jdk/internal/util/ImmutableBitSetPredicate$SmallImmutableBitSetPredicate
Event: 2380.360 Loading class jdk/internal/util/ImmutableBitSetPredicate$SmallImmutableBitSetPredicate done

Classes unloaded (0 events):
No events

Classes redefined (0 events):
No events

Internal exceptions (20 events):
Event: 42.265 Thread 0x00000200e91c5090 Exception <a 'java/lang/NoSuchMethodError'{0x00000007094e7250}: 'java.lang.Object java.lang.invoke.DirectMethodHandle$Holder.invokeSpecial(java.lang.Object, java.lang.Object, java.lang.Object, java.lang.Object, java.lang.Object, long)'> (0x00000007094e7250) 
thrown [s\open\src\hotspot\share\interpreter\linkResolver.cpp, line 805]
Event: 42.266 Thread 0x00000200e91c5090 Exception <a 'java/lang/NoSuchMethodError'{0x00000007094efad0}: 'java.lang.Object java.lang.invoke.DirectMethodHandle$Holder.invokeSpecial(java.lang.Object, java.lang.Object, java.lang.Object, java.lang.Object, java.lang.Object, java.lang.Object, long)'> (0x00000007094efad0) 
thrown [s\open\src\hotspot\share\interpreter\linkResolver.cpp, line 805]
Event: 42.267 Thread 0x00000200e91c5090 Exception <a 'java/lang/NoSuchMethodError'{0x00000007094f7e38}: 'java.lang.Object java.lang.invoke.DelegatingMethodHandle$Holder.reinvoke_L(java.lang.Object, java.lang.Object, java.lang.Object, java.lang.Object, java.lang.Object, long)'> (0x00000007094f7e38) 
thrown [s\open\src\hotspot\share\interpreter\linkResolver.cpp, line 805]
Event: 42.268 Thread 0x00000200e91c5090 Exception <a 'java/lang/NoSuchMethodError'{0x00000007095083a0}: 'java.lang.Object java.lang.invoke.Invokers$Holder.linkToTargetMethod(java.lang.Object, java.lang.Object, java.lang.Object, long, java.lang.Object)'> (0x00000007095083a0) 
thrown [s\open\src\hotspot\share\interpreter\linkResolver.cpp, line 805]
Event: 42.499 Thread 0x00000200e91be2e0 Exception <a 'java/lang/NoSuchMethodError'{0x0000000710b75f88}: 'int java.lang.invoke.DirectMethodHandle$Holder.invokeSpecial(java.lang.Object, java.lang.Object, long, java.lang.Object, java.lang.Object)'> (0x0000000710b75f88) 
thrown [s\open\src\hotspot\share\interpreter\linkResolver.cpp, line 805]
Event: 42.500 Thread 0x00000200e91bea30 Exception <a 'java/lang/NoSuchMethodError'{0x00000007090440b8}: 'java.lang.Object java.lang.invoke.DirectMethodHandle$Holder.newInvokeSpecial(java.lang.Object, java.lang.Object, long)'> (0x00000007090440b8) 
thrown [s\open\src\hotspot\share\interpreter\linkResolver.cpp, line 805]
Event: 42.501 Thread 0x00000200e91be2e0 Exception <a 'java/lang/NoSuchMethodError'{0x0000000710b86138}: 'java.lang.Object java.lang.invoke.DirectMethodHandle$Holder.newInvokeSpecial(java.lang.Object, java.lang.Object, long)'> (0x0000000710b86138) 
thrown [s\open\src\hotspot\share\interpreter\linkResolver.cpp, line 805]
Event: 42.501 Thread 0x00000200e91bea30 Exception <a 'java/lang/NoSuchMethodError'{0x000000070904c500}: 'java.lang.Object java.lang.invoke.Invokers$Holder.linkToTargetMethod(java.lang.Object, long, java.lang.Object)'> (0x000000070904c500) 
thrown [s\open\src\hotspot\share\interpreter\linkResolver.cpp, line 805]
Event: 42.501 Thread 0x00000200e91be2e0 Exception <a 'java/lang/NoSuchMethodError'{0x0000000710b8e558}: 'java.lang.Object java.lang.invoke.Invokers$Holder.linkToTargetMethod(java.lang.Object, long, java.lang.Object)'> (0x0000000710b8e558) 
thrown [s\open\src\hotspot\share\interpreter\linkResolver.cpp, line 805]
Event: 42.552 Thread 0x00000200e91be2e0 Exception <a 'sun/nio/fs/WindowsException'{0x00000007090ce598}> (0x00000007090ce598) 
thrown [s\open\src\hotspot\share\prims\jni.cpp, line 518]
Event: 2259.471 Thread 0x00000200e9677530 Exception <a 'java/lang/NoSuchMethodError'{0x0000000710a16c68}: 'java.lang.Object java.lang.invoke.DirectMethodHandle$Holder.invokeStatic(java.lang.Object, int, int)'> (0x0000000710a16c68) 
thrown [s\open\src\hotspot\share\interpreter\linkResolver.cpp, line 805]
Event: 2260.113 Thread 0x00000200e9677530 Exception <a 'java/lang/NoSuchMethodError'{0x0000000709236780}: 'void java.lang.invoke.DirectMethodHandle$Holder.invokeSpecialIFC(java.lang.Object, java.lang.Object, int, java.lang.Object, java.lang.Object, java.lang.Object, java.lang.Object)'> (0x0000000709236780) 
thrown [s\open\src\hotspot\share\interpreter\linkResolver.cpp, line 805]
Event: 2277.659 Thread 0x00000200e91be2e0 Exception <a 'java/lang/IncompatibleClassChangeError'{0x0000000708fd02b0}: Found class java.lang.Object, but interface was expected> (0x0000000708fd02b0) 
thrown [s\open\src\hotspot\share\interpreter\linkResolver.cpp, line 872]
Event: 2277.951 Thread 0x00000200e91be2e0 Exception <a 'java/lang/NoSuchMethodError'{0x0000000708dd3848}: 'int java.lang.invoke.DirectMethodHandle$Holder.invokeStatic(java.lang.Object, java.lang.Object, int, int)'> (0x0000000708dd3848) 
thrown [s\open\src\hotspot\share\interpreter\linkResolver.cpp, line 805]
Event: 2277.984 Thread 0x00000200e91be2e0 Exception <a 'java/lang/NoSuchMethodError'{0x0000000708a3f268}: 'java.lang.Object java.lang.invoke.DirectMethodHandle$Holder.invokeInterface(java.lang.Object, java.lang.Object, java.lang.Object, java.lang.Object)'> (0x0000000708a3f268) 
thrown [s\open\src\hotspot\share\interpreter\linkResolver.cpp, line 805]
Event: 2278.051 Thread 0x00000200e91be2e0 Exception <a 'java/lang/IncompatibleClassChangeError'{0x0000000708b25488}: Found class java.lang.Object, but interface was expected> (0x0000000708b25488) 
thrown [s\open\src\hotspot\share\interpreter\linkResolver.cpp, line 872]
Event: 2333.452 Thread 0x00000200e9677530 Exception <a 'java/lang/IncompatibleClassChangeError'{0x00000007083dfb48}: Found class java.lang.Object, but interface was expected> (0x00000007083dfb48) 
thrown [s\open\src\hotspot\share\interpreter\linkResolver.cpp, line 872]
Event: 2333.470 Thread 0x00000200e9677530 Exception <a 'java/lang/NoSuchMethodError'{0x000000070804d540}: 'java.lang.Object java.lang.invoke.DirectMethodHandle$Holder.invokeSpecial(java.lang.Object, java.lang.Object, java.lang.Object, java.lang.Object, java.lang.Object, java.lang.Object, java.lang.Object, java.lang.Object, java.lang.Object, java.lang.Object, java.lang.Object, java.lang.Object, java.lang.Object, java.lang.Object)'> (0x000000070804d540) 
thrown [s\open\src\hotspot\share\interpreter\linkResolver.cpp, line 805]
Event: 2380.132 Thread 0x00000200e91c0020 Exception <a 'sun/nio/fs/WindowsException'{0x0000000714e36b00}> (0x0000000714e36b00) 
thrown [s\open\src\hotspot\share\prims\jni.cpp, line 518]
Event: 2566.041 Thread 0x00000200e91bf8d0 Exception <a 'java/lang/IncompatibleClassChangeError'{0x000000070841e638}: Found class java.lang.Object, but interface was expected> (0x000000070841e638) 
thrown [s\open\src\hotspot\share\interpreter\linkResolver.cpp, line 872]

VM Operations (20 events):
Event: 2345.751 Executing VM operation: HandshakeAllThreads (HandshakeForDeflation)
Event: 2345.751 Executing VM operation: HandshakeAllThreads (HandshakeForDeflation) done
Event: 2345.751 Executing VM operation: RendezvousGCThreads
Event: 2345.751 Executing VM operation: RendezvousGCThreads done
Event: 2377.360 Executing VM operation: HandshakeAllThreads (Deoptimize)
Event: 2377.360 Executing VM operation: HandshakeAllThreads (Deoptimize) done
Event: 2377.486 Executing VM operation: G1CollectForAllocation (G1 Evacuation Pause)
Event: 2377.496 Executing VM operation: G1CollectForAllocation (G1 Evacuation Pause) done
Event: 2405.902 Executing VM operation: HandshakeAllThreads (HandshakeForDeflation)
Event: 2405.902 Executing VM operation: HandshakeAllThreads (HandshakeForDeflation) done
Event: 2405.902 Executing VM operation: RendezvousGCThreads
Event: 2405.903 Executing VM operation: RendezvousGCThreads done
Event: 2466.024 Executing VM operation: HandshakeAllThreads (HandshakeForDeflation)
Event: 2466.024 Executing VM operation: HandshakeAllThreads (HandshakeForDeflation) done
Event: 2466.024 Executing VM operation: RendezvousGCThreads
Event: 2466.024 Executing VM operation: RendezvousGCThreads done
Event: 2586.341 Executing VM operation: HandshakeAllThreads (HandshakeForDeflation)
Event: 2586.341 Executing VM operation: HandshakeAllThreads (HandshakeForDeflation) done
Event: 2586.341 Executing VM operation: RendezvousGCThreads
Event: 2586.341 Executing VM operation: RendezvousGCThreads done

Memory protections (0 events):
No events

Nmethod flushes (20 events):
Event: 2147.727 Thread 0x00000200c1004950 flushing  nmethod 0x00000200d1bf7b88
Event: 2147.727 Thread 0x00000200c1004950 flushing  nmethod 0x00000200d1bf8a88
Event: 2147.727 Thread 0x00000200c1004950 flushing  nmethod 0x00000200d1bf8e88
Event: 2147.727 Thread 0x00000200c1004950 flushing  nmethod 0x00000200d1bfea08
Event: 2147.727 Thread 0x00000200c1004950 flushing  nmethod 0x00000200d1c58a08
Event: 2147.727 Thread 0x00000200c1004950 flushing  nmethod 0x00000200d1c58f08
Event: 2147.727 Thread 0x00000200c1004950 flushing  nmethod 0x00000200d1c59a88
Event: 2147.727 Thread 0x00000200c1004950 flushing  nmethod 0x00000200d1c5c388
Event: 2147.727 Thread 0x00000200c1004950 flushing  nmethod 0x00000200d1c5fa88
Event: 2147.727 Thread 0x00000200c1004950 flushing  nmethod 0x00000200d1e69308
Event: 2147.727 Thread 0x00000200c1004950 flushing  nmethod 0x00000200d1e6a308
Event: 2147.727 Thread 0x00000200c1004950 flushing  nmethod 0x00000200d1e6b088
Event: 2147.727 Thread 0x00000200c1004950 flushing  nmethod 0x00000200d1e6df88
Event: 2147.727 Thread 0x00000200c1004950 flushing  nmethod 0x00000200d1e6e388
Event: 2147.727 Thread 0x00000200c1004950 flushing  nmethod 0x00000200d1e6e688
Event: 2147.727 Thread 0x00000200c1004950 flushing  nmethod 0x00000200d1ee2408
Event: 2147.727 Thread 0x00000200c1004950 flushing  nmethod 0x00000200d1eeba08
Event: 2147.727 Thread 0x00000200c1004950 flushing  nmethod 0x00000200d1eee388
Event: 2147.727 Thread 0x00000200c1004950 flushing  nmethod 0x00000200d1eef788
Event: 2147.727 Thread 0x00000200c1004950 flushing  nmethod 0x00000200d1f35208

Events (20 events):
Event: 1743.587 Thread 0x00000200e91c3aa0 Thread added: 0x00000200e8f10890
Event: 1743.588 Thread 0x00000200e8f10890 Thread added: 0x00000200e8f0eb50
Event: 1748.589 Thread 0x00000200e8f10890 Thread exited: 0x00000200e8f10890
Event: 1748.621 Thread 0x00000200e8f0eb50 Thread exited: 0x00000200e8f0eb50
Event: 2259.867 Thread 0x00000200c10347f0 Thread added: 0x00000200eb61cc00
Event: 2259.880 Thread 0x00000200eb61cc00 Thread added: 0x00000200eb61f960
Event: 2266.786 Thread 0x00000200eb61f960 Thread exited: 0x00000200eb61f960
Event: 2266.787 Thread 0x00000200eb61cc00 Thread exited: 0x00000200eb61cc00
Event: 2278.061 Thread 0x00000200c10347f0 Thread added: 0x00000200eb621f30
Event: 2283.520 Thread 0x00000200eb621f30 Thread exited: 0x00000200eb621f30
Event: 2287.898 Thread 0x00000200c10347f0 Thread added: 0x00000200eb621f30
Event: 2292.921 Thread 0x00000200eb621f30 Thread exited: 0x00000200eb621f30
Event: 2377.480 Thread 0x00000200c10347f0 Thread added: 0x00000200eb61f960
Event: 2377.836 Thread 0x00000200eb61f960 Thread exited: 0x00000200eb61f960
Event: 2377.856 Thread 0x00000200c10347f0 Thread added: 0x00000200eb61f960
Event: 2380.108 Thread 0x00000200eb61f960 Thread exited: 0x00000200eb61f960
Event: 2380.232 Thread 0x00000200c10347f0 Thread added: 0x00000200eb61d390
Event: 2380.241 Thread 0x00000200eb61d390 Thread added: 0x00000200eb61f960
Event: 2385.463 Thread 0x00000200eb61f960 Thread exited: 0x00000200eb61f960
Event: 2387.405 Thread 0x00000200eb61d390 Thread exited: 0x00000200eb61d390


Dynamic libraries:
0x00007ff663310000 - 0x00007ff66331e000 	C:\Users\L E N O V O\.jdks\openjdk-24.0.1\bin\java.exe
0x00007ff975ad0000 - 0x00007ff975ce7000 	C:\Windows\SYSTEM32\ntdll.dll
0x00007ff974fe0000 - 0x00007ff9750a4000 	C:\Windows\System32\KERNEL32.DLL
0x00007ff973440000 - 0x00007ff9737f7000 	C:\Windows\System32\KERNELBASE.dll
0x00007ff973140000 - 0x00007ff973251000 	C:\Windows\System32\ucrtbase.dll
0x00007ff9647c0000 - 0x00007ff9647db000 	C:\Users\L E N O V O\.jdks\openjdk-24.0.1\bin\VCRUNTIME140.dll
0x00007ff96cd00000 - 0x00007ff96cd16000 	C:\Users\L E N O V O\.jdks\openjdk-24.0.1\bin\jli.dll
0x00007ff975680000 - 0x00007ff97582f000 	C:\Windows\System32\USER32.dll
0x00007ff965460000 - 0x00007ff9656f3000 	C:\Windows\WinSxS\amd64_microsoft.windows.common-controls_6595b64144ccf1df_6.0.22621.3672_none_2713b9d173822955\COMCTL32.dll
0x00007ff972de0000 - 0x00007ff972e06000 	C:\Windows\System32\win32u.dll
0x00007ff975370000 - 0x00007ff975417000 	C:\Windows\System32\msvcrt.dll
0x00007ff9759e0000 - 0x00007ff975a09000 	C:\Windows\System32\GDI32.dll
0x00007ff973260000 - 0x00007ff973378000 	C:\Windows\System32\gdi32full.dll
0x00007ff9730a0000 - 0x00007ff97313a000 	C:\Windows\System32\msvcp_win.dll
0x00007ff974310000 - 0x00007ff974341000 	C:\Windows\System32\IMM32.DLL
0x00007ff972120000 - 0x00007ff97212c000 	C:\Users\L E N O V O\.jdks\openjdk-24.0.1\bin\vcruntime140_1.dll
0x00007ff948790000 - 0x00007ff94881e000 	C:\Users\L E N O V O\.jdks\openjdk-24.0.1\bin\msvcp140.dll
0x00007ff91b680000 - 0x00007ff91c422000 	C:\Users\L E N O V O\.jdks\openjdk-24.0.1\bin\server\jvm.dll
0x00007ff9754d0000 - 0x00007ff975582000 	C:\Windows\System32\ADVAPI32.dll
0x00007ff973850000 - 0x00007ff9738f8000 	C:\Windows\System32\sechost.dll
0x00007ff972f00000 - 0x00007ff972f28000 	C:\Windows\System32\bcrypt.dll
0x00007ff974360000 - 0x00007ff974474000 	C:\Windows\System32\RPCRT4.dll
0x00007ff974480000 - 0x00007ff9744f1000 	C:\Windows\System32\WS2_32.dll
0x00007ff972c00000 - 0x00007ff972c4d000 	C:\Windows\SYSTEM32\POWRPROF.dll
0x00007ff96aa90000 - 0x00007ff96aa9a000 	C:\Windows\SYSTEM32\VERSION.dll
0x00007ff96a190000 - 0x00007ff96a1c4000 	C:\Windows\SYSTEM32\WINMM.dll
0x00007ff972ae0000 - 0x00007ff972af3000 	C:\Windows\SYSTEM32\UMPDC.dll
0x00007ff971550000 - 0x00007ff971568000 	C:\Windows\SYSTEM32\kernel.appcore.dll
0x00007ff964b60000 - 0x00007ff964b6a000 	C:\Users\L E N O V O\.jdks\openjdk-24.0.1\bin\jimage.dll
0x00007ff972650000 - 0x00007ff972882000 	C:\Windows\SYSTEM32\DBGHELP.DLL
0x00007ff974510000 - 0x00007ff97489e000 	C:\Windows\System32\combase.dll
0x00007ff9750b0000 - 0x00007ff975187000 	C:\Windows\System32\OLEAUT32.dll
0x00007ff972540000 - 0x00007ff972572000 	C:\Windows\SYSTEM32\dbgcore.DLL
0x00007ff972e10000 - 0x00007ff972e8b000 	C:\Windows\System32\bcryptPrimitives.dll
0x00007ff94c2a0000 - 0x00007ff94c2af000 	C:\Users\L E N O V O\.jdks\openjdk-24.0.1\bin\instrument.dll
0x00007ff95eef0000 - 0x00007ff95ef0e000 	C:\Users\L E N O V O\.jdks\openjdk-24.0.1\bin\java.dll
0x00007ff975830000 - 0x00007ff9759d5000 	C:\Windows\System32\ole32.dll
0x00007ff973900000 - 0x00007ff974169000 	C:\Windows\System32\SHELL32.dll
0x00007ff9702e0000 - 0x00007ff970bdf000 	C:\Windows\SYSTEM32\windows.storage.dll
0x00007ff9701a0000 - 0x00007ff9702df000 	C:\Windows\SYSTEM32\wintypes.dll
0x00007ff9748a0000 - 0x00007ff974999000 	C:\Windows\System32\SHCORE.dll
0x00007ff975620000 - 0x00007ff97567e000 	C:\Windows\System32\shlwapi.dll
0x00007ff972d10000 - 0x00007ff972d37000 	C:\Windows\SYSTEM32\profapi.dll
0x00007ff946a80000 - 0x00007ff946b57000 	C:\Users\L E N O V O\.jdks\openjdk-24.0.1\bin\jsvml.dll
0x00007ff94c2b0000 - 0x00007ff94c2c7000 	C:\Users\L E N O V O\.jdks\openjdk-24.0.1\bin\zip.dll
0x00007ff94c2f0000 - 0x00007ff94c300000 	C:\Users\L E N O V O\.jdks\openjdk-24.0.1\bin\net.dll
0x00007ff9719d0000 - 0x00007ff971a39000 	C:\Windows\system32\mswsock.dll
0x00007ff94c2d0000 - 0x00007ff94c2e6000 	C:\Users\L E N O V O\.jdks\openjdk-24.0.1\bin\nio.dll
0x00007ff947890000 - 0x00007ff947899000 	C:\Users\L E N O V O\.jdks\openjdk-24.0.1\bin\extnet.dll
0x00007ff947880000 - 0x00007ff94788a000 	C:\Users\L E N O V O\.jdks\openjdk-24.0.1\bin\management.dll
0x00007ff947870000 - 0x00007ff94787b000 	C:\Users\L E N O V O\.jdks\openjdk-24.0.1\bin\management_ext.dll
0x00007ff974350000 - 0x00007ff974358000 	C:\Windows\System32\PSAPI.DLL
0x00007ff948780000 - 0x00007ff94878e000 	C:\Users\L E N O V O\.jdks\openjdk-24.0.1\bin\sunmscapi.dll
0x00007ff972f30000 - 0x00007ff973096000 	C:\Windows\System32\CRYPT32.dll
0x00007ff971fa0000 - 0x00007ff971fcd000 	C:\Windows\SYSTEM32\ncrypt.dll
0x00007ff971f60000 - 0x00007ff971f97000 	C:\Windows\SYSTEM32\NTASN1.dll
0x00007ff9728a0000 - 0x00007ff9728bb000 	C:\Windows\SYSTEM32\CRYPTSP.dll
0x00007ff9717c0000 - 0x00007ff9717f5000 	C:\Windows\system32\rsaenh.dll
0x00007ff971df0000 - 0x00007ff971e18000 	C:\Windows\SYSTEM32\USERENV.dll
0x00007ff971e40000 - 0x00007ff971e4c000 	C:\Windows\SYSTEM32\CRYPTBASE.dll
0x00007ff971000000 - 0x00007ff97102d000 	C:\Windows\SYSTEM32\IPHLPAPI.DLL
0x00007ff974500000 - 0x00007ff974509000 	C:\Windows\System32\NSI.dll
0x00007ff947840000 - 0x00007ff947850000 	C:\Users\L E N O V O\.jdks\openjdk-24.0.1\bin\verify.dll
0x00007ff937380000 - 0x00007ff937388000 	C:\Windows\system32\wshunix.dll
0x00007ff923270000 - 0x00007ff923287000 	C:\Windows\system32\napinsp.dll
0x00007ff91ec70000 - 0x00007ff91ec8b000 	C:\Windows\system32\pnrpnsp.dll
0x00007ff971070000 - 0x00007ff971172000 	C:\Windows\SYSTEM32\DNSAPI.dll
0x00007ff91ec50000 - 0x00007ff91ec61000 	C:\Windows\System32\winrnr.dll
0x00007ff968c10000 - 0x00007ff968c25000 	C:\Windows\system32\wshbth.dll
0x00007ff9639d0000 - 0x00007ff9639f7000 	C:\Windows\system32\nlansp_c.dll
0x00007ff969520000 - 0x00007ff96952a000 	C:\Windows\System32\rasadhlp.dll
0x00007ff9653c0000 - 0x00007ff965443000 	C:\Windows\System32\fwpuclnt.dll

JVMTI agents:
C:\Program Files\JetBrains\IntelliJ IDEA Community Edition 2025.1.3\lib\idea_rt.jar path:C:\Users\L E N O V O\.jdks\openjdk-24.0.1\bin\instrument.dll, loaded, initialized, instrumentlib options:61817

dbghelp: loaded successfully - version: 4.0.5 - missing functions: none
symbol engine: initialized successfully - sym options: 0x614 - pdb path: .;C:\Users\L E N O V O\.jdks\openjdk-24.0.1\bin;C:\Windows\SYSTEM32;C:\Windows\WinSxS\amd64_microsoft.windows.common-controls_6595b64144ccf1df_6.0.22621.3672_none_2713b9d173822955;C:\Users\L E N O V O\.jdks\openjdk-24.0.1\bin\server

VM Arguments:
jvm_args: -javaagent:C:\Program Files\JetBrains\IntelliJ IDEA Community Edition 2025.1.3\lib\idea_rt.jar=61817 -Dfile.encoding=UTF-8 -Dsun.stdout.encoding=UTF-8 -Dsun.stderr.encoding=UTF-8 
java_command: com.example.dweb_App.DwebAppApplication
java_class_path (initial): C:\SpringVersions\dweb-App\dweb-App\target\classes;C:\Users\L E N O V O\.m2\repository\org\springframework\boot\spring-boot-starter-data-jpa\3.5.3\spring-boot-starter-data-jpa-3.5.3.jar;C:\Users\L E N O V O\.m2\repository\org\springframework\boot\spring-boot-starter\3.5.3\spring-boot-starter-3.5.3.jar;C:\Users\L E N O V O\.m2\repository\org\springframework\boot\spring-boot-starter-logging\3.5.3\spring-boot-starter-logging-3.5.3.jar;C:\Users\L E N O V O\.m2\repository\ch\qos\logback\logback-classic\1.5.18\logback-classic-1.5.18.jar;C:\Users\L E N O V O\.m2\repository\ch\qos\logback\logback-core\1.5.18\logback-core-1.5.18.jar;C:\Users\L E N O V O\.m2\repository\org\apache\logging\log4j\log4j-to-slf4j\2.24.3\log4j-to-slf4j-2.24.3.jar;C:\Users\L E N O V O\.m2\repository\org\apache\logging\log4j\log4j-api\2.24.3\log4j-api-2.24.3.jar;C:\Users\L E N O V O\.m2\repository\org\slf4j\jul-to-slf4j\2.0.17\jul-to-slf4j-2.0.17.jar;C:\Users\L E N O V O\.m2\repository\jakarta\annotation\jakarta.annotation-api\2.1.1\jakarta.annotation-api-2.1.1.jar;C:\Users\L E N O V O\.m2\repository\org\yaml\snakeyaml\2.4\snakeyaml-2.4.jar;C:\Users\L E N O V O\.m2\repository\org\springframework\boot\spring-boot-starter-jdbc\3.5.3\spring-boot-starter-jdbc-3.5.3.jar;C:\Users\L E N O V O\.m2\repository\com\zaxxer\HikariCP\6.3.0\HikariCP-6.3.0.jar;C:\Users\L E N O V O\.m2\repository\org\springframework\spring-jdbc\6.2.8\spring-jdbc-6.2.8.jar;C:\Users\L E N O V O\.m2\repository\org\hibernate\orm\hibernate-core\6.6.18.Final\hibernate-core-6.6.18.Final.jar;C:\Users\L E N O V O\.m2\repository\jakarta\persistence\jakarta.persistence-api\3.1.0\jakarta.persistence-api-3.1.0.jar;C:\Users\L E N O V O\.m2\repository\jakarta\transaction\jakarta.transaction-api\2.0.1\jakarta.transaction-api-2.0.1.jar;C:\Users\L E N O V O\.m2\repository\org\jboss\logging\jboss-logging\3.6.1.Final\jboss-logging-3.6.1.Final.jar;C:\Users\L E N O V O\.m2\repository\org\hibernate\common\hibernate-commons-annotations\7.0.3.Final\hibernate-commons-annotations-7.0.3.Final.jar;C:\Users\L E N O V O\.m2\repository\io\smallrye\jandex\3.2.0\jandex-3.2.0.jar;C:\Users\L E N O V O\.m2\repository\com\fasterxml\classmate\1.7.0\classmate-1.7.0.jar;C:\Users\L E N O V O\.m2\repository\net\bytebuddy\byte-buddy\1.17.6\byte-buddy-1.17.6.jar;C:\Users\L E N O V O\.m2\repository\org\glassfish\jaxb\jaxb-runtime\4.0.5\jaxb-runtime-4.0.5.jar;C:\Users\L E N O V O\.m2\repository\org\glassfish\jaxb\jaxb-core\4.0.5\jaxb-core-4.0.5.jar;C:\Users\L E N O V O\.m2\repository\org\eclipse\angus\angus-activation\2.0.2\angus-activation-2.0.2.jar;C:\Users\L E N O V O\.m2\repository\org\glassfish\jaxb\txw2\4.0.5\txw2-4.0.5.jar;C:\Users\L E N O V O\.m2\repository\com\sun\istack\istack-commons-runtime\4.1.2\istack-commons-runtime-4.1.2.jar;C:\Users\L E N O V O\.m2\repository\jakarta\inject\jakarta.inject-api\2.0.1\jakarta.inject-api-2.0.1.jar;C:\Users\L E N O V O\.m2\repository\org\antlr\antlr4-runtime\4.13.0\antlr4-runtime-4.13.0.jar;C:\Users\L E N O V O\.m2\repository\org\springframework\data\spring-data-jpa\3.5.1\spring-data-jpa-3.5.1.jar;C:\Users\L E N O V O\.m2\repository\org\springframework\data\spring-data-commons\3.5.1\spring-data-commons-3.5.1.jar;C:\Users\L E N O V O\.m2\repository\org\springframework\spring-orm\6.2.8\spring-orm-6.2.8.jar;C:\Users\L E N O V O\.m2\repository\org\springframework\spring-context\6.2.8\spring-context-6.2.8.jar;C:\Users\L E N O V O\.m2\repository\org\springframework\spring-tx\6.2.8\spring-tx-6.2.8.jar;C:\Users\L E N O V O\.m2\repository\org\springframework\spring-beans\6.2.8\spring-beans-6.2.8.jar;C:\Users\L E N O V O\.m2\repository\org\springframework\spring-aspects\6.2.8\spring-aspects-6.2.8.jar;C:\Users\L E N O V O\.m2\repository\org\aspectj\aspectjweaver\1.9.24\aspectjweaver-1.9.24.jar;C:\Users\L E N O V O\.m2\repository\org\springframework\boot\spring-boot-starter-security\3.5.3\spring-boot-starter-security-3.5.3.jar;C:\Users\L E N O V O\.m2\repository\org\springframework\spring-aop\6.2.8\spring-aop-6.2.8.jar;C:\Users\L E N O V O\.m2\repository\org\springframework\security\spring-security-config\6.5.1\spring-security-config-6.5.1.jar;C:\Users\L E N O V O\.m2\repository\org\springframework\security\spring-security-web\6.5.1\spring-security-web-6.5.1.jar;C:\Users\L E N O V O\.m2\repository\org\springframework\spring-expression\6.2.8\spring-expression-6.2.8.jar;C:\Users\L E N O V O\.m2\repository\org\springframework\boot\spring-boot-starter-web\3.5.3\spring-boot-starter-web-3.5.3.jar;C:\Users\L E N O V O\.m2\repository\org\springframework\boot\spring-boot-starter-json\3.5.3\spring-boot-starter-json-3.5.3.jar;C:\Users\L E N O V O\.m2\repository\com\fasterxml\jackson\datatype\jackson-datatype-jdk8\2.19.1\jackson-datatype-jdk8-2.19.1.jar;C:\Users\L E N O V O\.m2\repository\com\fasterxml\jackson\module\jackson-module-parameter-names\2.19.1\jackson-module-parameter-names-2.19.1.jar;C:\Users\L E N O V O\.m2\repository\org\springframework\boot\spring-boot-starter-tomcat\3.5.3\spring-boot-starter-tomcat-3.5.3.jar;C:\Users\L E N O V O\.m2\repository\org\apache\tomcat\embed\tomcat-embed-core\10.1.42\tomcat-embed-core-10.1.42.jar;C:\Users\L E N O V O\.m2\repository\org\apache\tomcat\embed\tomcat-embed-el\10.1.42\tomcat-embed-el-10.1.42.jar;C:\Users\L E N O V O\.m2\repository\org\apache\tomcat\embed\tomcat-embed-websocket\10.1.42\tomcat-embed-websocket-10.1.42.jar;C:\Users\L E N O V O\.m2\repository\org\springframework\spring-web\6.2.8\spring-web-6.2.8.jar;C:\Users\L E N O V O\.m2\repository\io\micrometer\micrometer-observation\1.15.1\micrometer-observation-1.15.1.jar;C:\Users\L E N O V O\.m2\repository\io\micrometer\micrometer-commons\1.15.1\micrometer-commons-1.15.1.jar;C:\Users\L E N O V O\.m2\repository\org\springframework\spring-webmvc\6.2.8\spring-webmvc-6.2.8.jar;C:\Users\L E N O V O\.m2\repository\org\flywaydb\flyway-core\11.7.2\flyway-core-11.7.2.jar;C:\Users\L E N O V O\.m2\repository\com\fasterxml\jackson\dataformat\jackson-dataformat-toml\2.19.1\jackson-dataformat-toml-2.19.1.jar;C:\Users\L E N O V O\.m2\repository\com\fasterxml\jackson\datatype\jackson-datatype-jsr310\2.19.1\jackson-datatype-jsr310-2.19.1.jar;C:\Users\L E N O V O\.m2\repository\com\fasterxml\jackson\core\jackson-annotations\2.19.1\jackson-annotations-2.19.1.jar;C:\Users\L E N O V O\.m2\repository\org\flywaydb\flyway-database-postgresql\11.7.2\flyway-database-postgresql-11.7.2.jar;C:\Users\L E N O V O\.m2\repository\org\springframework\boot\spring-boot-devtools\3.5.3\spring-boot-devtools-3.5.3.jar;C:\Users\L E N O V O\.m2\repository\org\springframework\boot\spring-boot\3.5.3\spring-boot-3.5.3.jar;C:\Users\L E N O V O\.m2\repository\org\springframework\boot\spring-boot-autoconfigure\3.5.3\spring-boot-autoconfigure-3.5.3.jar;C:\Users\L E N O V O\.m2\repository\com\h2database\h2\2.3.232\h2-2.3.232.jar;C:\Users\L E N O V O\.m2\repository\org\postgresql\postgresql\42.7.7\postgresql-42.7.7.jar;C:\Users\L E N O V O\.m2\repository\org\checkerframework\checker-qual\3.49.3\checker-qual-3.49.3.jar;C:\Users\L E N O V O\.m2\repository\org\projectlombok\lombok\1.18.38\lombok-1.18.38.jar;C:\Users\L E N O V O\.m2\repository\jakarta\xml\bind\jakarta.xml.bind-api\4.0.2\jakarta.xml.bind-api-4.0.2.jar;C:\Users\L E N O V O\.m2\repository\jakarta\activation\jakarta.activation-api\2.1.3\jakarta.activation-api-2.1.3.jar;C:\Users\L E N O V O\.m2\repository\org\springframework\spring-core\6.2.8\spring-core-6.2.8.jar;C:\Users\L E N O V O\.m2\repository\org\springframework\spring-jcl\6.2.8\spring-jcl-6.2.8.jar;C:\Users\L E N O V O\.m2\repository\org\springframework\security\spring-security-core\6.5.1\spring-security-core-6.5.1.jar;C:\Users\L E N O V O\.m2\repository\org\springframework\security\spring-security-crypto\6.5.1\spring-security-crypto-6.5.1.jar;C:\Users\L E N O V O\.m2\repository\com\auth0\java-jwt\4.5.0\java-jwt-4.5.0.jar;C:\Users\L E N O V O\.m2\repository\com\fasterxml\jackson\core\jackson-core\2.19.1\jackson-core-2.19.1.jar;C:\Users\L E N O V O\.m2\repository\com\fasterxml\jackson\core\jackson-databind\2.19.1\jackson-databind-2.19.1.jar;C:\Users\L E N O V O\.m2\repository\com\google\firebase\firebase-admin\9.5.0\firebase-admin-9.5.0.jar;C:\Users\L E N O V O\.m2\repository\com\google\auth\google-auth-library-oauth2-http\1.33.1\google-auth-library-oauth2-http-1.33.1.jar;C:\Users\L E N O V O\.m2\repository\com\google\auto\value\auto-value-annotations\1.11.0\auto-value-annotations-1.11.0.jar;C:\Users\L E N O V O\.m2\repository\com\google\code\findbugs\jsr305\3.0.2\jsr305-3.0.2.jar;C:\Users\L E N O V O\.m2\repository\com\google\auth\google-auth-library-credentials\1.33.1\google-auth-library-credentials-1.33.1.jar;C:\Users\L E N O V O\.m2\repository\com\google\http-client\google-http-client-gson\1.46.2\google-http-client-gson-1.46.2.jar;C:\Users\L E N O V O\.m2\repository\com\google\errorprone\error_prone_annotations\2.36.0\error_prone_annotations-2.36.0.jar;C:\Users\L E N O V O\.m2\repository\com\google\code\gson\gson\2.13.1\gson-2.13.1.jar;C:\Users\L E N O V O\.m2\repository\com\google\api-client\google-api-client\2.7.2\google-api-client-2.7.2.jar;C:\Users\L E N O V O\.m2\repository\commons-codec\commons-codec\1.18.0\commons-codec-1.18.0.jar;C:\Users\L E N O V O\.m2\repository\com\google\oauth-client\google-oauth-client\1.36.0\google-oauth-client-1.36.0.jar;C:\Users\L E N O V O\.m2\repository\com\google\http-client\google-http-client-apache-v2\1.45.2\google-http-client-apache-v2-1.45.2.jar;C:\Users\L E N O V O\.m2\repository\org\apache\httpcomponents\httpcore\4.4.16\httpcore-4.4.16.jar;C:\Users\L E N O V O\.m2\repository\org\apache\httpcomponents\httpclient\4.5.14\httpclient-4.5.14.jar;C:\Users\L E N O V O\.m2\repository\commons-logging\commons-logging\1.2\commons-logging-1.2.jar;C:\Users\L E N O V O\.m2\repository\com\google\api-client\google-api-client-gson\2.7.2\google-api-client-gson-2.7.2.jar;C:\Users\L E N O V O\.m2\repository\com\google\http-client\google-http-client\1.46.3\google-http-client-1.46.3.jar;C:\Users\L E N O V O\.m2\repository\com\google\j2objc\j2objc-annotations\3.0.0\j2objc-annotations-3.0.0.jar;C:\Users\L E N O V O\.m2\repository\io\grpc\grpc-context\1.70.0\grpc-context-1.70.0.jar;C:\Users\L E N O V O\.m2\repository\io\opencensus\opencensus-api\0.31.1\opencensus-api-0.31.1.jar;C:\Users\L E N O V O\.m2\repository\io\opencensus\opencensus-contrib-http-util\0.31.1\opencensus-contrib-http-util-0.31.1.jar;C:\Users\L E N O V O\.m2\repository\com\google\api\api-common\2.46.1\api-common-2.46.1.jar;C:\Users\L E N O V O\.m2\repository\javax\annotation\javax.annotation-api\1.3.2\javax.annotation-api-1.3.2.jar;C:\Users\L E N O V O\.m2\repository\com\google\cloud\google-cloud-storage\2.50.0\google-cloud-storage-2.50.0.jar;C:\Users\L E N O V O\.m2\repository\com\google\guava\failureaccess\1.0.2\failureaccess-1.0.2.jar;C:\Users\L E N O V O\.m2\repository\com\google\guava\listenablefuture\9999.0-empty-to-avoid-conflict-with-guava\listenablefuture-9999.0-empty-to-avoid-conflict-with-guava.jar;C:\Users\L E N O V O\.m2\repository\com\google\http-client\google-http-client-jackson2\1.46.3\google-http-client-jackson2-1.46.3.jar;C:\Users\L E N O V O\.m2\repository\com\google\apis\google-api-services-storage\v1-rev20250224-2.0.0\google-api-services-storage-v1-rev20250224-2.0.0.jar;C:\Users\L E N O V O\.m2\repository\com\google\cloud\google-cloud-core\2.53.1\google-cloud-core-2.53.1.jar;C:\Users\L E N O V O\.m2\repository\com\google\cloud\google-cloud-core-http\2.53.1\google-cloud-core-http-2.53.1.jar;C:\Users\L E N O V O\.m2\repository\com\google\http-client\google-http-client-appengine\1.46.3\google-http-client-appengine-1.46.3.jar;C:\Users\L E N O V O\.m2\repository\com\google\api\gax-httpjson\2.63.1\gax-httpjson-2.63.1.jar;C:\Users\L E N O V O\.m2\repository\com\google\cloud\google-cloud-core-grpc\2.53.1\google-cloud-core-grpc-2.53.1.jar;C:\Users\L E N O V O\.m2\repository\com\google\api\gax\2.63.1\gax-2.63.1.jar;C:\Users\L E N O V O\.m2\repository\com\google\api\gax-grpc\2.63.1\gax-grpc-2.63.1.jar;C:\Users\L E N O V O\.m2\repository\io\grpc\grpc-inprocess\1.70.0\grpc-inprocess-1.70.0.jar;C:\Users\L E N O V O\.m2\repository\io\grpc\grpc-alts\1.70.0\grpc-alts-1.70.0.jar;C:\Users\L E N O V O\.m2\repository\io\grpc\grpc-grpclb\1.70.0\grpc-grpclb-1.70.0.jar;C:\Users\L E N O V O\.m2\repository\org\conscrypt\conscrypt-openjdk-uber\2.5.2\conscrypt-openjdk-uber-2.5.2.jar;C:\Users\L E N O V O\.m2\repository\io\grpc\grpc-auth\1.70.0\grpc-auth-1.70.0.jar;C:\Users\L E N O V O\.m2\repository\io\opentelemetry\opentelemetry-context\1.49.0\opentelemetry-context-1.49.0.jar;C:\Users\L E N O V O\.m2\repository\com\google\api\grpc\proto-google-iam-v1\1.49.1\proto-google-iam-v1-1.49.1.jar;C:\Users\L E N O V O\.m2\repository\com\google\protobuf\protobuf-java\3.25.5\protobuf-java-3.25.5.jar;C:\Users\L E N O V O\.m2\repository\com\google\protobuf\protobuf-java-util\3.25.5\protobuf-java-util-3.25.5.jar;C:\Users\L E N O V O\.m2\repository\io\grpc\grpc-core\1.70.0\grpc-core-1.70.0.jar;C:\Users\L E N O V O\.m2\repository\com\google\android\annotations\4.1.1.4\annotations-4.1.1.4.jar;C:\Users\L E N O V O\.m2\repository\org\codehaus\mojo\animal-sniffer-annotations\1.24\animal-sniffer-annotations-1.24.jar;C:\Users\L E N O V O\.m2\repository\io\perfmark\perfmark-api\0.27.0\perfmark-api-0.27.0.jar;C:\Users\L E N O V O\.m2\repository\io\grpc\grpc-protobuf\1.70.0\grpc-protobuf-1.70.0.jar;C:\Users\L E N O V O\.m2\repository\io\grpc\grpc-protobuf-lite\1.70.0\grpc-protobuf-lite-1.70.0.jar;C:\Users\L E N O V O\.m2\repository\com\google\api\grpc\proto-google-common-protos\2.54.1\proto-google-common-protos-2.54.1.jar;C:\Users\L E N O V O\.m2\repository\org\threeten\threetenbp\1.7.0\threetenbp-1.7.0.jar;C:\Users\L E N O V O\.m2\repository\com\google\api\grpc\proto-google-cloud-storage-v2\2.50.0\proto-google-cloud-storage-v2-2.50.0.jar;C:\Users\L E N O V O\.m2\repository\com\google\api\grpc\grpc-google-cloud-storage-v2\2.50.0\grpc-google-cloud-storage-v2-2.50.0.jar;C:\Users\L E N O V O\.m2\repository\com\google\api\grpc\gapic-google-cloud-storage-v2\2.50.0\gapic-google-cloud-storage-v2-2.50.0.jar;C:\Users\L E N O V O\.m2\repository\io\opentelemetry\opentelemetry-sdk\1.49.0\opentelemetry-sdk-1.49.0.jar;C:\Users\L E N O V O\.m2\repository\io\opentelemetry\opentelemetry-sdk-trace\1.49.0\opentelemetry-sdk-trace-1.49.0.jar;C:\Users\L E N O V O\.m2\repository\io\opentelemetry\opentelemetry-sdk-logs\1.49.0\opentelemetry-sdk-logs-1.49.0.jar;C:\Users\L E N O V O\.m2\repository\io\grpc\grpc-opentelemetry\1.70.0\grpc-opentelemetry-1.70.0.jar;C:\Users\L E N O V O\.m2\repository\io\opentelemetry\opentelemetry-api\1.49.0\opentelemetry-api-1.49.0.jar;C:\Users\L E N O V O\.m2\repository\io\opentelemetry\opentelemetry-sdk-metrics\1.49.0\opentelemetry-sdk-metrics-1.49.0.jar;C:\Users\L E N O V O\.m2\repository\io\opentelemetry\opentelemetry-sdk-common\1.49.0\opentelemetry-sdk-common-1.49.0.jar;C:\Users\L E N O V O\.m2\repository\io\opentelemetry\opentelemetry-sdk-extension-autoconfigure-spi\1.49.0\opentelemetry-sdk-extension-autoconfigure-spi-1.49.0.jar;C:\Users\L E N O V O\.m2\repository\io\opentelemetry\semconv\opentelemetry-semconv\1.27.0-alpha\opentelemetry-semconv-1.27.0-alpha.jar;C:\Users\L E N O V O\.m2\repository\com\google\cloud\opentelemetry\exporter-metrics\0.33.0\exporter-metrics-0.33.0.jar;C:\Users\L E N O V O\.m2\repository\com\google\cloud\google-cloud-monitoring\3.52.0\google-cloud-monitoring-3.52.0.jar;C:\Users\L E N O V O\.m2\repository\com\google\api\grpc\proto-google-cloud-monitoring-v3\3.52.0\proto-google-cloud-monitoring-v3-3.52.0.jar;C:\Users\L E N O V O\.m2\repository\com\google\cloud\opentelemetry\shared-resourcemapping\0.33.0\shared-resourcemapping-0.33.0.jar;C:\Users\L E N O V O\.m2\repository\io\opentelemetry\contrib\opentelemetry-gcp-resources\1.37.0-alpha\opentelemetry-gcp-resources-1.37.0-alpha.jar;C:\Users\L E N O V O\.m2\repository\com\google\cloud\opentelemetry\detector-resources-support\0.33.0\detector-resources-support-0.33.0.jar;C:\Users\L E N O V O\.m2\repository\io\grpc\grpc-api\1.70.0\grpc-api-1.70.0.jar;C:\Users\L E N O V O\.m2\repository\io\grpc\grpc-netty-shaded\1.70.0\grpc-netty-shaded-1.70.0.jar;C:\Users\L E N O V O\.m2\repository\io\grpc\grpc-util\1.70.0\grpc-util-1.70.0.jar;C:\Users\L E N O V O\.m2\repository\io\grpc\grpc-stub\1.70.0\grpc-stub-1.70.0.jar;C:\Users\L E N O V O\.m2\repository\io\grpc\grpc-googleapis\1.70.0\grpc-googleapis-1.70.0.jar;C:\Users\L E N O V O\.m2\repository\io\grpc\grpc-xds\1.70.0\grpc-xds-1.70.0.jar;C:\Users\L E N O V O\.m2\repository\io\grpc\grpc-services\1.70.0\grpc-services-1.70.0.jar;C:\Users\L E N O V O\.m2\repository\com\google\re2j\re2j\1.7\re2j-1.7.jar;C:\Users\L E N O V O\.m2\repository\io\grpc\grpc-rls\1.70.0\grpc-rls-1.70.0.jar;C:\Users\L E N O V O\.m2\repository\com\google\cloud\google-cloud-firestore\3.30.11\google-cloud-firestore-3.30.11.jar;C:\Users\L E N O V O\.m2\repository\com\google\api\grpc\proto-google-cloud-firestore-v1\3.30.11\proto-google-cloud-firestore-v1-3.30.11.jar;C:\Users\L E N O V O\.m2\repository\com\google\cloud\proto-google-cloud-firestore-bundle-v1\3.30.11\proto-google-cloud-firestore-bundle-v1-3.30.11.jar;C:\Users\L E N O V O\.m2\repository\io\opentelemetry\instrumentation\opentelemetry-grpc-1.6\2.1.0-alpha\opentelemetry-grpc-1.6-2.1.0-alpha.jar;C:\Users\L E N O V O\.m2\repository\io\opentelemetry\instrumentation\opentelemetry-instrumentation-api\2.1.0\opentelemetry-instrumentation-api-2.1.0.jar;C:\Users\L E N O V O\.m2\repository\io\opentelemetry\opentelemetry-extension-incubator\1.35.0-alpha\opentelemetry-extension-incubator-1.35.0-alpha.jar;C:\Users\L E N O V O\.m2\repository\io\opentelemetry\instrumentation\opentelemetry-instrumentation-api-incubator\2.1.0-alpha\opentelemetry-instrumentation-api-incubator-2.1.0-alpha.jar;C:\Users\L E N O V O\.m2\repository\com\google\guava\guava\33.4.0-jre\guava-33.4.0-jre.jar;C:\Users\L E N O V O\.m2\repository\org\slf4j\slf4j-api\2.0.17\slf4j-api-2.0.17.jar;C:\Users\L E N O V O\.m2\repository\io\netty\netty-codec-http\4.1.122.Final\netty-codec-http-4.1.122.Final.jar;C:\Users\L E N O V O\.m2\repository\io\netty\netty-common\4.1.122.Final\netty-common-4.1.122.Final.jar;C:\Users\L E N O V O\.m2\repository\io\netty\netty-buffer\4.1.122.Final\netty-buffer-4.1.122.Final.jar;C:\Users\L E N O V O\.m2\repository\io\netty\netty-codec\4.1.122.Final\netty-codec-4.1.122.Final.jar;C:\Users\L E N O V O\.m2\repository\io\netty\netty-handler\4.1.122.Final\netty-handler-4.1.122.Final.jar;C:\Users\L E N O V O\.m2\repository\io\netty\netty-resolver\4.1.122.Final\netty-resolver-4.1.122.Final.jar;C:\Users\L E N O V O\.m2\repository\io\netty\netty-transport-native-unix-common\4.1.122.Final\netty-transport-native-unix-common-4.1.122.Final.jar;C:\Users\L E N O V O\.m2\repository\io\netty\netty-transport\4.1.122.Final\netty-transport-4.1.122.Final.jar;C:\Users\L E N O V O\.m2\repository\org\apache\httpcomponents\client5\httpclient5\5.5\httpclient5-5.5.jar;C:\Users\L E N O V O\.m2\repository\org\apache\httpcomponents\core5\httpcore5\5.3.4\httpcore5-5.3.4.jar;C:\Users\L E N O V O\.m2\repository\org\apache\httpcomponents\core5\httpcore5-h2\5.3.4\httpcore5-h2-5.3.4.jar
Launcher Type: SUN_STANDARD

[Global flags]
     intx CICompilerCount                          = 4                                         {product} {ergonomic}
     uint ConcGCThreads                            = 2                                         {product} {ergonomic}
     uint G1ConcRefinementThreads                  = 8                                         {product} {ergonomic}
   size_t G1HeapRegionSize                         = 2097152                                   {product} {ergonomic}
   size_t InitialHeapSize                          = 264241152                                 {product} {ergonomic}
   size_t MarkStackSize                            = 4194304                                   {product} {ergonomic}
   size_t MarkStackSizeMax                         = 536870912                                 {product} {ergonomic}
   size_t MaxHeapSize                              = 4206886912                                {product} {ergonomic}
   size_t MaxNewSize                               = 2522873856                                {product} {ergonomic}
   size_t MinHeapDeltaBytes                        = 2097152                                   {product} {ergonomic}
   size_t MinHeapSize                              = 8388608                                   {product} {ergonomic}
    uintx NonNMethodCodeHeapSize                   = 5832704                                {pd product} {ergonomic}
    uintx NonProfiledCodeHeapSize                  = 122945536                              {pd product} {ergonomic}
    uintx ProfiledCodeHeapSize                     = 122880000                              {pd product} {ergonomic}
    uintx ReservedCodeCacheSize                    = 251658240                              {pd product} {ergonomic}
     bool SegmentedCodeCache                       = true                                      {product} {ergonomic}
   size_t SoftMaxHeapSize                          = 4206886912                             {manageable} {ergonomic}
     bool UseCompressedOops                        = true                           {product lp64_product} {ergonomic}
     bool UseG1GC                                  = true                                      {product} {ergonomic}
     bool UseLargePagesIndividualAllocation        = false                                  {pd product} {ergonomic}

Logging:
Log output configuration:
 #0: stdout all=warning uptime,level,tags foldmultilines=false
 #1: stderr all=off uptime,level,tags foldmultilines=false

Environment Variables:
PATH=C:\Python313\Scripts\;C:\Python313\;C:\Program Files\Common Files\Oracle\Java\javapath;C:\Windows\system32;C:\Windows;C:\Windows\System32\Wbem;C:\Windows\System32\WindowsPowerShell\v1.0\;C:\Windows\System32\OpenSSH\;C:\Program Files\Intel\WiFi\bin\;C:\Program Files\Common Files\Intel\WirelessCommon\;C:\Program Files\Git\cmd;C:\Program Files\Docker\Docker\resources\bin;C:\Program Files\apache-maven-3.9.10-bin\apache-maven-3.9.10\bin;C:\Program Files\nodejs\;C:\ProgramData\chocolatey\bin;C:\Users\L E N O V O\flyway-commandline-11.10.3-windows-x64\flyway-11.10.3;C:\Users\L E N O V O\AppData\Local\Microsoft\WindowsApps;C:\Users\L E N O V O\AppData\Local\Programs\Microsoft VS Code\bin;C:\Users\L E N O V O\AppData\Roaming\npm
USERNAME=L E N O V O
OS=Windows_NT
PROCESSOR_IDENTIFIER=Intel64 Family 6 Model 142 Stepping 10, GenuineIntel
TMP=C:\Users\LENOVO~1\AppData\Local\Temp
TEMP=C:\Users\LENOVO~1\AppData\Local\Temp




Periodic native trim disabled

---------------  S Y S T E M  ---------------

OS:
 Windows 11 , 64 bit Build 22621 (10.0.22621.3958)
OS uptime: 0 days 19:42 hours
Hyper-V role detected

CPU: total 8 (initial active 8) (4 cores per cpu, 2 threads per core) family 6 model 142 stepping 10 microcode 0xe0, cx8, cmov, fxsr, ht, mmx, 3dnowpref, sse, sse2, sse3, ssse3, sse4.1, sse4.2, popcnt, lzcnt, tsc, tscinvbit, avx, avx2, aes, erms, clmul, bmi1, bmi2, adx, fma, vzeroupper, clflush, clflushopt, hv, rdtscp, f16c
Processor Information for processor 0
  Max Mhz: 1801, Current Mhz: 1500, Mhz Limit: 1801
Processor Information for processor 1
  Max Mhz: 1801, Current Mhz: 1500, Mhz Limit: 1801
Processor Information for processor 2
  Max Mhz: 1801, Current Mhz: 1500, Mhz Limit: 1801
Processor Information for processor 3
  Max Mhz: 1801, Current Mhz: 1500, Mhz Limit: 1801
Processor Information for processor 4
  Max Mhz: 1801, Current Mhz: 1801, Mhz Limit: 1801
Processor Information for processor 5
  Max Mhz: 1801, Current Mhz: 1500, Mhz Limit: 1801
Processor Information for processor 6
  Max Mhz: 1801, Current Mhz: 1801, Mhz Limit: 1801
Processor Information for processor 7
  Max Mhz: 1801, Current Mhz: 1500, Mhz Limit: 1801

Memory: 4k page, system-wide physical 16046M (7659M free)
TotalPageFile size 17070M (AvailPageFile size 7259M)
current process WorkingSet (physical memory assigned to process): 236M, peak: 316M
current process commit charge ("private bytes"): 324M, peak: 408M

vm_info: OpenJDK 64-Bit Server VM (24.0.1+9-30) for windows-amd64 JRE (24.0.1+9-30), built on 2025-03-05T07:23:45Z with MS VC++ 17.6 (VS2022)

END.
